2026-02-18 20:53:15 [INFO] Registry file not found, creating new registry
2026-02-18 20:53:15 [INFO] ======================================================================
2026-02-18 20:53:15 [INFO] Vault Watcher Started
2026-02-18 20:53:15 [INFO] Monitoring: AI_Employee\vault\Inbox
2026-02-18 20:53:15 [INFO] Check interval: 15 seconds
2026-02-18 20:53:15 [INFO] Log file: logs\actions.log
2026-02-18 20:53:15 [INFO] ======================================================================
2026-02-18 20:53:15 [INFO] Running in continuous monitoring mode (Ctrl+C to stop)
2026-02-18 20:53:15 [INFO] ----------------------------------------------------------------------
2026-02-18 20:53:15 [WARNING] Inbox folder does not exist: AI_Employee\vault\Inbox
2026-02-18 20:53:30 [WARNING] Inbox folder does not exist: AI_Employee\vault\Inbox
2026-02-18 20:53:45 [WARNING] Inbox folder does not exist: AI_Employee\vault\Inbox
2026-02-18 20:53:49 [INFO] 
Shutdown signal received (Ctrl+C)
2026-02-18 20:53:49 [INFO] ======================================================================
2026-02-18 20:53:49 [INFO] Vault Watcher stopped
2026-02-18 20:53:49 [INFO] ======================================================================
2026-02-18 20:54:31 [INFO] Registry file not found, creating new registry
2026-02-18 20:54:31 [INFO] ======================================================================
2026-02-18 20:54:31 [INFO] Vault Watcher Started
2026-02-18 20:54:31 [INFO] Monitoring: AI_Employee\vault\Inbox
2026-02-18 20:54:31 [INFO] Check interval: 15 seconds
2026-02-18 20:54:31 [INFO] Log file: logs\actions.log
2026-02-18 20:54:31 [INFO] ======================================================================
2026-02-18 20:54:31 [INFO] Running in continuous monitoring mode (Ctrl+C to stop)
2026-02-18 20:54:31 [INFO] ----------------------------------------------------------------------
2026-02-18 20:54:31 [WARNING] Inbox folder does not exist: AI_Employee\vault\Inbox
2026-02-18 20:54:46 [WARNING] Inbox folder does not exist: AI_Employee\vault\Inbox
2026-02-18 20:54:51 [INFO] 
Shutdown signal received (Ctrl+C)
2026-02-18 20:54:51 [INFO] ======================================================================
2026-02-18 20:54:51 [INFO] Vault Watcher stopped
2026-02-18 20:54:51 [INFO] ======================================================================
2026-02-18 20:55:36 [INFO] Registry file not found, creating new registry
2026-02-18 20:55:36 [INFO] ======================================================================
2026-02-18 20:55:36 [INFO] Vault Watcher Started
2026-02-18 20:55:36 [INFO] Monitoring: AI_Employee\vault\Inbox
2026-02-18 20:55:36 [INFO] Check interval: 15 seconds
2026-02-18 20:55:36 [INFO] Log file: logs\actions.log
2026-02-18 20:55:36 [INFO] ======================================================================
2026-02-18 20:55:36 [INFO] Running in continuous monitoring mode (Ctrl+C to stop)
2026-02-18 20:55:36 [INFO] ----------------------------------------------------------------------
2026-02-18 20:55:36 [WARNING] Inbox folder does not exist: AI_Employee\vault\Inbox
2026-02-18 20:55:51 [WARNING] Inbox folder does not exist: AI_Employee\vault\Inbox
2026-02-18 20:56:06 [WARNING] Inbox folder does not exist: AI_Employee\vault\Inbox
2026-02-18 20:56:21 [WARNING] Inbox folder does not exist: AI_Employee\vault\Inbox
2026-02-18 20:56:36 [WARNING] Inbox folder does not exist: AI_Employee\vault\Inbox
2026-02-18 20:56:51 [WARNING] Inbox folder does not exist: AI_Employee\vault\Inbox
2026-02-18 20:57:06 [WARNING] Inbox folder does not exist: AI_Employee\vault\Inbox
2026-02-18 20:57:18 [INFO] Registry file not found, creating new registry
2026-02-18 20:57:18 [INFO] ======================================================================
2026-02-18 20:57:18 [INFO] Vault Watcher Started
2026-02-18 20:57:18 [INFO] Monitoring: E:\GH-Q4\Hackathon0-FTE\AI_Employee\vault\Inbox
2026-02-18 20:57:18 [INFO] Check interval: 15 seconds
2026-02-18 20:57:18 [INFO] Log file: E:\GH-Q4\Hackathon0-FTE\AI_Employee\scripts\logs\actions.log
2026-02-18 20:57:18 [INFO] ======================================================================
2026-02-18 20:57:18 [INFO] Running in single-pass mode
2026-02-18 20:57:18 [INFO] New file detected: content.md (0.0 KB)
2026-02-18 20:57:18 [INFO] Triggering AI processing for: content.md
2026-02-18 20:57:18 [WARNING] AI Employee module not found at E:\GH-Q4\Hackathon0-FTE\AI_Employee\AI_Employee
2026-02-18 20:57:18 [WARNING] Processing failed: content.md
2026-02-18 20:57:18 [INFO] New file detected: my_test.md (0.0 KB)
2026-02-18 20:57:18 [INFO] Triggering AI processing for: my_test.md
2026-02-18 20:57:18 [WARNING] AI Employee module not found at E:\GH-Q4\Hackathon0-FTE\AI_Employee\AI_Employee
2026-02-18 20:57:18 [WARNING] Processing failed: my_test.md
2026-02-18 20:57:18 [INFO] New file detected: WATCHER_README.md (7.89 KB)
2026-02-18 20:57:18 [INFO] Triggering AI processing for: WATCHER_README.md
2026-02-18 20:57:18 [WARNING] AI Employee module not found at E:\GH-Q4\Hackathon0-FTE\AI_Employee\AI_Employee
2026-02-18 20:57:18 [WARNING] Processing failed: WATCHER_README.md
2026-02-18 20:57:18 [INFO] Scan complete. Files found: 0
2026-02-18 20:57:21 [WARNING] Inbox folder does not exist: AI_Employee\vault\Inbox
2026-02-18 20:57:30 [INFO] Registry file not found, creating new registry
2026-02-18 20:57:30 [INFO] ======================================================================
2026-02-18 20:57:30 [INFO] Vault Watcher Started
2026-02-18 20:57:30 [INFO] Monitoring: E:\GH-Q4\Hackathon0-FTE\AI_Employee\vault\Inbox
2026-02-18 20:57:30 [INFO] Check interval: 15 seconds
2026-02-18 20:57:30 [INFO] Log file: E:\GH-Q4\Hackathon0-FTE\AI_Employee\scripts\logs\actions.log
2026-02-18 20:57:30 [INFO] ======================================================================
2026-02-18 20:57:30 [INFO] Running in single-pass mode
2026-02-18 20:57:30 [INFO] New file detected: content.md (0.0 KB)
2026-02-18 20:57:30 [INFO] Triggering AI processing for: content.md
2026-02-18 20:57:30 [INFO] AI processing initiated for: content.md
2026-02-18 20:57:30 [INFO] Processing complete: content.md
2026-02-18 20:57:30 [INFO] New file detected: my_test.md (0.0 KB)
2026-02-18 20:57:30 [INFO] Triggering AI processing for: my_test.md
2026-02-18 20:57:30 [INFO] AI processing initiated for: my_test.md
2026-02-18 20:57:30 [INFO] Processing complete: my_test.md
2026-02-18 20:57:30 [INFO] New file detected: WATCHER_README.md (7.89 KB)
2026-02-18 20:57:30 [INFO] Triggering AI processing for: WATCHER_README.md
2026-02-18 20:57:30 [INFO] AI processing initiated for: WATCHER_README.md
2026-02-18 20:57:30 [INFO] Processing complete: WATCHER_README.md
2026-02-18 20:57:30 [INFO] Scan complete. Files found: 3
2026-02-18 20:57:36 [WARNING] Inbox folder does not exist: AI_Employee\vault\Inbox
2026-02-18 20:57:51 [WARNING] Inbox folder does not exist: AI_Employee\vault\Inbox
2026-02-18 20:57:52 [INFO] 
Shutdown signal received (Ctrl+C)
2026-02-18 20:57:52 [INFO] ======================================================================
2026-02-18 20:57:52 [INFO] Vault Watcher stopped
2026-02-18 20:57:52 [INFO] ======================================================================
2026-02-18 20:57:57 [INFO] ======================================================================
2026-02-18 20:57:57 [INFO] Vault Watcher Started
2026-02-18 20:57:57 [INFO] Monitoring: E:\GH-Q4\Hackathon0-FTE\AI_Employee\vault\Inbox
2026-02-18 20:57:57 [INFO] Check interval: 15 seconds
2026-02-18 20:57:57 [INFO] Log file: E:\GH-Q4\Hackathon0-FTE\AI_Employee\scripts\logs\actions.log
2026-02-18 20:57:57 [INFO] ======================================================================
2026-02-18 20:57:57 [INFO] Running in continuous monitoring mode (Ctrl+C to stop)
2026-02-18 20:57:57 [INFO] ----------------------------------------------------------------------
2026-02-18 20:59:00 [INFO] 
Shutdown signal received (Ctrl+C)
2026-02-18 20:59:00 [INFO] ======================================================================
2026-02-18 20:59:00 [INFO] Vault Watcher stopped
2026-02-18 20:59:00 [INFO] ======================================================================
2026-02-18 20:59:33 [INFO] ======================================================================
2026-02-18 20:59:33 [INFO] Vault Watcher Started
2026-02-18 20:59:33 [INFO] Monitoring: E:\GH-Q4\Hackathon0-FTE\AI_Employee\vault\Inbox
2026-02-18 20:59:33 [INFO] Check interval: 15 seconds
2026-02-18 20:59:33 [INFO] Log file: E:\GH-Q4\Hackathon0-FTE\AI_Employee\scripts\logs\actions.log
2026-02-18 20:59:33 [INFO] ======================================================================
2026-02-18 20:59:33 [INFO] Running in continuous monitoring mode (Ctrl+C to stop)
2026-02-18 20:59:33 [INFO] ----------------------------------------------------------------------
2026-02-18 20:59:50 [INFO] 
Shutdown signal received (Ctrl+C)
2026-02-18 20:59:50 [INFO] ======================================================================
2026-02-18 20:59:50 [INFO] Vault Watcher stopped
2026-02-18 20:59:50 [INFO] ======================================================================
