2026-02-18 22:31:24 [INFO] Running in single-pass mode
2026-02-18 22:31:24 [INFO] Detected 1 new task(s) in Inbox
2026-02-18 22:31:24 [INFO] Task planner completed: 0 tasks processed
2026-02-18 22:31:24 [INFO] Successfully processed 0 task(s)
2026-02-18 22:31:24 [INFO] Found: 1, Processed: 0, Errors: 0
2026-02-18 22:31:28 [INFO] Running in single-pass mode
2026-02-18 22:31:28 [INFO] Detected 1 new task(s) in Inbox
2026-02-18 22:31:28 [INFO] Task planner completed: 0 tasks processed
2026-02-18 22:31:28 [INFO] Successfully processed 0 task(s)
2026-02-18 22:31:28 [INFO] Found: 1, Processed: 0, Errors: 0
2026-02-18 22:32:31 [INFO] Running in single-pass mode
2026-02-18 22:32:31 [INFO] Detected 2 new task(s) in Inbox
2026-02-18 22:32:31 [INFO] Task planner completed: 1 tasks processed
2026-02-18 22:32:31 [INFO] Successfully processed 1 task(s)
2026-02-18 22:32:31 [INFO] Found: 2, Processed: 1, Errors: 0
2026-02-18 22:35:47 [INFO] Running in single-pass mode
2026-02-18 22:35:47 [INFO] Detected 3 new task(s) in Inbox
2026-02-18 22:35:47 [INFO] Task planner completed: 1 tasks processed
2026-02-18 22:35:47 [INFO] Successfully processed 1 task(s)
2026-02-18 22:35:47 [INFO] Found: 3, Processed: 1, Errors: 0
2026-02-18 22:36:01 [INFO] Running in single-pass mode
2026-02-18 22:36:01 [INFO] Detected 3 new task(s) in Inbox
2026-02-18 22:36:02 [INFO] Task planner completed: 0 tasks processed
2026-02-18 22:36:02 [INFO] Successfully processed 0 task(s)
2026-02-18 22:36:02 [INFO] Found: 3, Processed: 0, Errors: 0
2026-02-18 22:41:01 [INFO] Running in single-pass mode
2026-02-18 22:41:01 [INFO] Detected 3 new task(s) in Inbox
2026-02-18 22:41:01 [INFO] Task planner completed: 0 tasks processed
2026-02-18 22:41:01 [INFO] Successfully processed 0 task(s)
2026-02-18 22:41:01 [INFO] Found: 3, Processed: 0, Errors: 0
2026-02-18 22:46:01 [INFO] Running in single-pass mode
2026-02-18 22:46:01 [INFO] Detected 3 new task(s) in Inbox
2026-02-18 22:46:01 [INFO] Task planner completed: 0 tasks processed
2026-02-18 22:46:01 [INFO] Successfully processed 0 task(s)
2026-02-18 22:46:01 [INFO] Found: 3, Processed: 0, Errors: 0
2026-02-18 22:51:01 [INFO] Running in single-pass mode
2026-02-18 22:51:01 [INFO] Detected 3 new task(s) in Inbox
2026-02-18 22:51:01 [INFO] Task planner completed: 0 tasks processed
2026-02-18 22:51:01 [INFO] Successfully processed 0 task(s)
2026-02-18 22:51:01 [INFO] Found: 3, Processed: 0, Errors: 0
2026-02-18 22:56:01 [INFO] Running in single-pass mode
2026-02-18 22:56:01 [INFO] Detected 3 new task(s) in Inbox
2026-02-18 22:56:02 [INFO] Task planner completed: 0 tasks processed
2026-02-18 22:56:02 [INFO] Successfully processed 0 task(s)
2026-02-18 22:56:02 [INFO] Found: 3, Processed: 0, Errors: 0
2026-02-18 23:01:01 [INFO] Running in single-pass mode
2026-02-18 23:01:01 [INFO] Detected 3 new task(s) in Inbox
2026-02-18 23:01:02 [INFO] Task planner completed: 0 tasks processed
2026-02-18 23:01:02 [INFO] Successfully processed 0 task(s)
2026-02-18 23:01:02 [INFO] Found: 3, Processed: 0, Errors: 0
2026-02-18 23:06:01 [INFO] Running in single-pass mode
2026-02-18 23:06:01 [INFO] Detected 3 new task(s) in Inbox
2026-02-18 23:06:02 [INFO] Task planner completed: 0 tasks processed
2026-02-18 23:06:02 [INFO] Successfully processed 0 task(s)
2026-02-18 23:06:02 [INFO] Found: 3, Processed: 0, Errors: 0
2026-02-18 23:11:01 [INFO] Running in single-pass mode
2026-02-18 23:11:01 [INFO] Detected 3 new task(s) in Inbox
2026-02-18 23:11:02 [INFO] Task planner completed: 0 tasks processed
2026-02-18 23:11:02 [INFO] Successfully processed 0 task(s)
2026-02-18 23:11:02 [INFO] Found: 3, Processed: 0, Errors: 0
2026-02-18 23:16:01 [INFO] Running in single-pass mode
2026-02-18 23:16:01 [INFO] Detected 3 new task(s) in Inbox
2026-02-18 23:16:02 [INFO] Task planner completed: 0 tasks processed
2026-02-18 23:16:02 [INFO] Successfully processed 0 task(s)
2026-02-18 23:16:02 [INFO] Found: 3, Processed: 0, Errors: 0
2026-02-19 11:11:54 [INFO] Running in single-pass mode
2026-02-19 11:11:54 [INFO] Detected 3 new task(s) in Inbox
2026-02-19 11:11:54 [INFO] Task planner completed: 0 tasks processed
2026-02-19 11:11:54 [INFO] Successfully processed 0 task(s)
2026-02-19 11:11:54 [INFO] Found: 3, Processed: 0, Errors: 0
2026-02-19 11:16:02 [INFO] Running in single-pass mode
2026-02-19 11:16:02 [INFO] Detected 3 new task(s) in Inbox
2026-02-19 11:16:02 [INFO] Task planner completed: 0 tasks processed
2026-02-19 11:16:02 [INFO] Successfully processed 0 task(s)
2026-02-19 11:16:02 [INFO] Found: 3, Processed: 0, Errors: 0
2026-02-19 11:21:02 [INFO] Running in single-pass mode
2026-02-19 11:21:02 [INFO] Detected 3 new task(s) in Inbox
2026-02-19 11:21:02 [INFO] Task planner completed: 0 tasks processed
2026-02-19 11:21:02 [INFO] Successfully processed 0 task(s)
2026-02-19 11:21:02 [INFO] Found: 3, Processed: 0, Errors: 0
2026-02-19 11:26:02 [INFO] Running in single-pass mode
2026-02-19 11:26:02 [INFO] Detected 3 new task(s) in Inbox
2026-02-19 11:26:02 [INFO] Task planner completed: 0 tasks processed
2026-02-19 11:26:02 [INFO] Successfully processed 0 task(s)
2026-02-19 11:26:02 [INFO] Found: 3, Processed: 0, Errors: 0
2026-02-19 11:31:01 [INFO] Running in single-pass mode
2026-02-19 11:31:01 [INFO] Detected 3 new task(s) in Inbox
2026-02-19 11:31:02 [INFO] Task planner completed: 0 tasks processed
2026-02-19 11:31:02 [INFO] Successfully processed 0 task(s)
2026-02-19 11:31:02 [INFO] Found: 3, Processed: 0, Errors: 0
2026-02-19 11:36:02 [INFO] Running in single-pass mode
2026-02-19 11:36:02 [INFO] Detected 3 new task(s) in Inbox
2026-02-19 11:36:02 [INFO] Task planner completed: 0 tasks processed
2026-02-19 11:36:02 [INFO] Successfully processed 0 task(s)
2026-02-19 11:36:02 [INFO] Found: 3, Processed: 0, Errors: 0
2026-02-19 11:41:02 [INFO] Running in single-pass mode
2026-02-19 11:41:02 [INFO] Detected 3 new task(s) in Inbox
2026-02-19 11:41:02 [INFO] Task planner completed: 0 tasks processed
2026-02-19 11:41:02 [INFO] Successfully processed 0 task(s)
2026-02-19 11:41:02 [INFO] Found: 3, Processed: 0, Errors: 0
2026-02-19 11:46:02 [INFO] Running in single-pass mode
2026-02-19 11:46:02 [INFO] Detected 3 new task(s) in Inbox
2026-02-19 11:46:02 [INFO] Task planner completed: 0 tasks processed
2026-02-19 11:46:02 [INFO] Successfully processed 0 task(s)
2026-02-19 11:46:02 [INFO] Found: 3, Processed: 0, Errors: 0
2026-02-19 11:51:02 [INFO] Running in single-pass mode
2026-02-19 11:51:02 [INFO] Detected 3 new task(s) in Inbox
2026-02-19 11:51:02 [INFO] Task planner completed: 0 tasks processed
2026-02-19 11:51:02 [INFO] Successfully processed 0 task(s)
2026-02-19 11:51:02 [INFO] Found: 3, Processed: 0, Errors: 0
2026-02-19 11:56:02 [INFO] Running in single-pass mode
2026-02-19 11:56:02 [INFO] Detected 3 new task(s) in Inbox
2026-02-19 11:56:02 [INFO] Task planner completed: 0 tasks processed
2026-02-19 11:56:02 [INFO] Successfully processed 0 task(s)
2026-02-19 11:56:02 [INFO] Found: 3, Processed: 0, Errors: 0
2026-02-19 12:01:02 [INFO] Running in single-pass mode
2026-02-19 12:01:02 [INFO] Detected 3 new task(s) in Inbox
2026-02-19 12:01:02 [INFO] Task planner completed: 0 tasks processed
2026-02-19 12:01:02 [INFO] Successfully processed 0 task(s)
2026-02-19 12:01:02 [INFO] Found: 3, Processed: 0, Errors: 0
2026-02-19 12:06:02 [INFO] Running in single-pass mode
2026-02-19 12:06:02 [INFO] Detected 3 new task(s) in Inbox
2026-02-19 12:06:02 [INFO] Task planner completed: 0 tasks processed
2026-02-19 12:06:02 [INFO] Successfully processed 0 task(s)
2026-02-19 12:06:02 [INFO] Found: 3, Processed: 0, Errors: 0
2026-02-19 12:11:02 [INFO] Running in single-pass mode
2026-02-19 12:11:02 [INFO] Detected 3 new task(s) in Inbox
2026-02-19 12:11:02 [INFO] Task planner completed: 0 tasks processed
2026-02-19 12:11:02 [INFO] Successfully processed 0 task(s)
2026-02-19 12:11:02 [INFO] Found: 3, Processed: 0, Errors: 0
2026-02-19 12:16:02 [INFO] Running in single-pass mode
2026-02-19 12:16:02 [INFO] Detected 3 new task(s) in Inbox
2026-02-19 12:16:02 [INFO] Task planner completed: 0 tasks processed
2026-02-19 12:16:02 [INFO] Successfully processed 0 task(s)
2026-02-19 12:16:02 [INFO] Found: 3, Processed: 0, Errors: 0
2026-02-19 12:21:02 [INFO] Running in single-pass mode
2026-02-19 12:21:02 [INFO] Detected 3 new task(s) in Inbox
2026-02-19 12:21:03 [INFO] Task planner completed: 0 tasks processed
2026-02-19 12:21:03 [INFO] Successfully processed 0 task(s)
2026-02-19 12:21:03 [INFO] Found: 3, Processed: 0, Errors: 0
2026-02-19 12:26:02 [INFO] Running in single-pass mode
2026-02-19 12:26:02 [INFO] Detected 3 new task(s) in Inbox
2026-02-19 12:26:02 [INFO] Task planner completed: 0 tasks processed
2026-02-19 12:26:02 [INFO] Successfully processed 0 task(s)
2026-02-19 12:26:02 [INFO] Found: 3, Processed: 0, Errors: 0
2026-02-19 12:31:02 [INFO] Running in single-pass mode
2026-02-19 12:31:02 [INFO] Detected 3 new task(s) in Inbox
2026-02-19 12:31:02 [INFO] Task planner completed: 0 tasks processed
2026-02-19 12:31:02 [INFO] Successfully processed 0 task(s)
2026-02-19 12:31:02 [INFO] Found: 3, Processed: 0, Errors: 0
2026-02-19 12:36:02 [INFO] Running in single-pass mode
2026-02-19 12:36:02 [INFO] Detected 3 new task(s) in Inbox
2026-02-19 12:36:02 [INFO] Task planner completed: 0 tasks processed
2026-02-19 12:36:02 [INFO] Successfully processed 0 task(s)
2026-02-19 12:36:02 [INFO] Found: 3, Processed: 0, Errors: 0
2026-02-19 12:41:02 [INFO] Running in single-pass mode
2026-02-19 12:41:02 [INFO] Detected 3 new task(s) in Inbox
2026-02-19 12:41:02 [INFO] Task planner completed: 0 tasks processed
2026-02-19 12:41:02 [INFO] Successfully processed 0 task(s)
2026-02-19 12:41:02 [INFO] Found: 3, Processed: 0, Errors: 0
2026-02-19 12:46:02 [INFO] Running in single-pass mode
2026-02-19 12:46:02 [INFO] Detected 3 new task(s) in Inbox
2026-02-19 12:46:02 [INFO] Task planner completed: 0 tasks processed
2026-02-19 12:46:02 [INFO] Successfully processed 0 task(s)
2026-02-19 12:46:02 [INFO] Found: 3, Processed: 0, Errors: 0
2026-02-19 12:51:02 [INFO] Running in single-pass mode
2026-02-19 12:51:02 [INFO] Detected 3 new task(s) in Inbox
2026-02-19 12:51:02 [INFO] Task planner completed: 0 tasks processed
2026-02-19 12:51:02 [INFO] Successfully processed 0 task(s)
2026-02-19 12:51:02 [INFO] Found: 3, Processed: 0, Errors: 0
2026-02-19 12:56:02 [INFO] Running in single-pass mode
2026-02-19 12:56:02 [INFO] Detected 3 new task(s) in Inbox
2026-02-19 12:56:02 [INFO] Task planner completed: 0 tasks processed
2026-02-19 12:56:02 [INFO] Successfully processed 0 task(s)
2026-02-19 12:56:02 [INFO] Found: 3, Processed: 0, Errors: 0
2026-02-19 13:01:02 [INFO] Running in single-pass mode
2026-02-19 13:01:02 [INFO] Detected 3 new task(s) in Inbox
2026-02-19 13:01:02 [INFO] Task planner completed: 0 tasks processed
2026-02-19 13:01:02 [INFO] Successfully processed 0 task(s)
2026-02-19 13:01:02 [INFO] Found: 3, Processed: 0, Errors: 0
2026-02-19 13:06:01 [INFO] Running in single-pass mode
2026-02-19 13:06:01 [INFO] Detected 3 new task(s) in Inbox
2026-02-19 13:06:01 [INFO] Task planner completed: 0 tasks processed
2026-02-19 13:06:01 [INFO] Successfully processed 0 task(s)
2026-02-19 13:06:01 [INFO] Found: 3, Processed: 0, Errors: 0
2026-02-19 13:11:01 [INFO] Running in single-pass mode
2026-02-19 13:11:01 [INFO] Detected 3 new task(s) in Inbox
2026-02-19 13:11:01 [INFO] Task planner completed: 0 tasks processed
2026-02-19 13:11:01 [INFO] Successfully processed 0 task(s)
2026-02-19 13:11:01 [INFO] Found: 3, Processed: 0, Errors: 0
2026-02-19 13:16:01 [INFO] Running in single-pass mode
2026-02-19 13:16:01 [INFO] Detected 3 new task(s) in Inbox
2026-02-19 13:16:01 [INFO] Task planner completed: 0 tasks processed
2026-02-19 13:16:01 [INFO] Successfully processed 0 task(s)
2026-02-19 13:16:01 [INFO] Found: 3, Processed: 0, Errors: 0
2026-02-19 13:21:01 [INFO] Running in single-pass mode
2026-02-19 13:21:01 [INFO] Detected 3 new task(s) in Inbox
2026-02-19 13:21:01 [INFO] Task planner completed: 0 tasks processed
2026-02-19 13:21:01 [INFO] Successfully processed 0 task(s)
2026-02-19 13:21:01 [INFO] Found: 3, Processed: 0, Errors: 0
2026-02-19 13:26:01 [INFO] Running in single-pass mode
2026-02-19 13:26:01 [INFO] Detected 3 new task(s) in Inbox
2026-02-19 13:26:01 [INFO] Task planner completed: 0 tasks processed
2026-02-19 13:26:01 [INFO] Successfully processed 0 task(s)
2026-02-19 13:26:01 [INFO] Found: 3, Processed: 0, Errors: 0
2026-02-19 13:31:01 [INFO] Running in single-pass mode
2026-02-19 13:31:01 [INFO] Detected 3 new task(s) in Inbox
2026-02-19 13:31:01 [INFO] Task planner completed: 0 tasks processed
2026-02-19 13:31:01 [INFO] Successfully processed 0 task(s)
2026-02-19 13:31:01 [INFO] Found: 3, Processed: 0, Errors: 0
2026-02-19 13:36:01 [INFO] Running in single-pass mode
2026-02-19 13:36:01 [INFO] Detected 3 new task(s) in Inbox
2026-02-19 13:36:01 [INFO] Task planner completed: 0 tasks processed
2026-02-19 13:36:01 [INFO] Successfully processed 0 task(s)
2026-02-19 13:36:01 [INFO] Found: 3, Processed: 0, Errors: 0
2026-02-19 13:56:01 [INFO] Running in single-pass mode
2026-02-19 13:56:01 [INFO] Detected 3 new task(s) in Inbox
2026-02-19 13:56:01 [INFO] Task planner completed: 0 tasks processed
2026-02-19 13:56:01 [INFO] Successfully processed 0 task(s)
2026-02-19 13:56:01 [INFO] Found: 3, Processed: 0, Errors: 0
2026-02-19 14:01:01 [INFO] Running in single-pass mode
2026-02-19 14:01:01 [INFO] Detected 3 new task(s) in Inbox
2026-02-19 14:01:01 [INFO] Task planner completed: 0 tasks processed
2026-02-19 14:01:01 [INFO] Successfully processed 0 task(s)
2026-02-19 14:01:01 [INFO] Found: 3, Processed: 0, Errors: 0
2026-02-19 14:06:01 [INFO] Running in single-pass mode
2026-02-19 14:06:01 [INFO] Detected 3 new task(s) in Inbox
2026-02-19 14:06:01 [INFO] Task planner completed: 0 tasks processed
2026-02-19 14:06:01 [INFO] Successfully processed 0 task(s)
2026-02-19 14:06:01 [INFO] Found: 3, Processed: 0, Errors: 0
2026-02-19 14:11:01 [INFO] Running in single-pass mode
2026-02-19 14:11:01 [INFO] Detected 3 new task(s) in Inbox
2026-02-19 14:11:01 [INFO] Task planner completed: 0 tasks processed
2026-02-19 14:11:01 [INFO] Successfully processed 0 task(s)
2026-02-19 14:11:01 [INFO] Found: 3, Processed: 0, Errors: 0
2026-02-19 14:16:01 [INFO] Running in single-pass mode
2026-02-19 14:16:01 [INFO] Detected 3 new task(s) in Inbox
2026-02-19 14:16:01 [INFO] Task planner completed: 0 tasks processed
2026-02-19 14:16:01 [INFO] Successfully processed 0 task(s)
2026-02-19 14:16:01 [INFO] Found: 3, Processed: 0, Errors: 0
2026-02-19 14:21:01 [INFO] Running in single-pass mode
2026-02-19 14:21:01 [INFO] Detected 3 new task(s) in Inbox
2026-02-19 14:21:01 [INFO] Task planner completed: 0 tasks processed
2026-02-19 14:21:01 [INFO] Successfully processed 0 task(s)
2026-02-19 14:21:01 [INFO] Found: 3, Processed: 0, Errors: 0
2026-02-19 14:26:01 [INFO] Running in single-pass mode
2026-02-19 14:26:01 [INFO] Detected 3 new task(s) in Inbox
2026-02-19 14:26:01 [INFO] Task planner completed: 0 tasks processed
2026-02-19 14:26:01 [INFO] Successfully processed 0 task(s)
2026-02-19 14:26:01 [INFO] Found: 3, Processed: 0, Errors: 0
2026-02-19 14:31:01 [INFO] Running in single-pass mode
2026-02-19 14:31:01 [INFO] Detected 3 new task(s) in Inbox
2026-02-19 14:31:01 [INFO] Task planner completed: 0 tasks processed
2026-02-19 14:31:01 [INFO] Successfully processed 0 task(s)
2026-02-19 14:31:01 [INFO] Found: 3, Processed: 0, Errors: 0
2026-02-19 14:36:01 [INFO] Running in single-pass mode
2026-02-19 14:36:01 [INFO] Detected 3 new task(s) in Inbox
2026-02-19 14:36:01 [INFO] Task planner completed: 0 tasks processed
2026-02-19 14:36:01 [INFO] Successfully processed 0 task(s)
2026-02-19 14:36:01 [INFO] Found: 3, Processed: 0, Errors: 0
2026-02-19 14:41:01 [INFO] Running in single-pass mode
2026-02-19 14:41:01 [INFO] Detected 3 new task(s) in Inbox
2026-02-19 14:41:01 [INFO] Task planner completed: 0 tasks processed
2026-02-19 14:41:01 [INFO] Successfully processed 0 task(s)
2026-02-19 14:41:01 [INFO] Found: 3, Processed: 0, Errors: 0
2026-02-19 14:46:01 [INFO] Running in single-pass mode
2026-02-19 14:46:01 [INFO] Detected 3 new task(s) in Inbox
2026-02-19 14:46:01 [INFO] Task planner completed: 0 tasks processed
2026-02-19 14:46:01 [INFO] Successfully processed 0 task(s)
2026-02-19 14:46:01 [INFO] Found: 3, Processed: 0, Errors: 0
2026-02-19 14:51:01 [INFO] Running in single-pass mode
2026-02-19 14:51:01 [INFO] Detected 3 new task(s) in Inbox
2026-02-19 14:51:01 [INFO] Task planner completed: 0 tasks processed
2026-02-19 14:51:01 [INFO] Successfully processed 0 task(s)
2026-02-19 14:51:01 [INFO] Found: 3, Processed: 0, Errors: 0
2026-02-19 14:56:01 [INFO] Running in single-pass mode
2026-02-19 14:56:01 [INFO] Detected 3 new task(s) in Inbox
2026-02-19 14:56:01 [INFO] Task planner completed: 0 tasks processed
2026-02-19 14:56:01 [INFO] Successfully processed 0 task(s)
2026-02-19 14:56:01 [INFO] Found: 3, Processed: 0, Errors: 0
2026-02-19 15:01:01 [INFO] Running in single-pass mode
2026-02-19 15:01:01 [INFO] Detected 3 new task(s) in Inbox
2026-02-19 15:01:01 [INFO] Task planner completed: 0 tasks processed
2026-02-19 15:01:01 [INFO] Successfully processed 0 task(s)
2026-02-19 15:01:01 [INFO] Found: 3, Processed: 0, Errors: 0
2026-02-19 15:06:01 [INFO] Running in single-pass mode
2026-02-19 15:06:01 [INFO] Detected 3 new task(s) in Inbox
2026-02-19 15:06:02 [INFO] Task planner completed: 0 tasks processed
2026-02-19 15:06:02 [INFO] Successfully processed 0 task(s)
2026-02-19 15:06:02 [INFO] Found: 3, Processed: 0, Errors: 0
2026-02-19 15:11:01 [INFO] Running in single-pass mode
2026-02-19 15:11:01 [INFO] Detected 3 new task(s) in Inbox
2026-02-19 15:11:01 [INFO] Task planner completed: 0 tasks processed
2026-02-19 15:11:01 [INFO] Successfully processed 0 task(s)
2026-02-19 15:11:01 [INFO] Found: 3, Processed: 0, Errors: 0
2026-02-19 15:16:01 [INFO] Running in single-pass mode
2026-02-19 15:16:01 [INFO] Detected 3 new task(s) in Inbox
2026-02-19 15:16:01 [INFO] Task planner completed: 0 tasks processed
2026-02-19 15:16:01 [INFO] Successfully processed 0 task(s)
2026-02-19 15:16:01 [INFO] Found: 3, Processed: 0, Errors: 0
2026-02-19 15:21:01 [INFO] Running in single-pass mode
2026-02-19 15:21:01 [INFO] Detected 3 new task(s) in Inbox
2026-02-19 15:21:01 [INFO] Task planner completed: 0 tasks processed
2026-02-19 15:21:01 [INFO] Successfully processed 0 task(s)
2026-02-19 15:21:01 [INFO] Found: 3, Processed: 0, Errors: 0
2026-02-19 15:26:01 [INFO] Running in single-pass mode
2026-02-19 15:26:01 [INFO] Detected 3 new task(s) in Inbox
2026-02-19 15:26:02 [INFO] Task planner completed: 0 tasks processed
2026-02-19 15:26:02 [INFO] Successfully processed 0 task(s)
2026-02-19 15:26:02 [INFO] Found: 3, Processed: 0, Errors: 0
2026-02-19 15:31:01 [INFO] Running in single-pass mode
2026-02-19 15:31:01 [INFO] Detected 3 new task(s) in Inbox
2026-02-19 15:31:02 [INFO] Task planner completed: 0 tasks processed
2026-02-19 15:31:02 [INFO] Successfully processed 0 task(s)
2026-02-19 15:31:02 [INFO] Found: 3, Processed: 0, Errors: 0
2026-02-19 15:36:01 [INFO] Running in single-pass mode
2026-02-19 15:36:01 [INFO] Detected 3 new task(s) in Inbox
2026-02-19 15:36:01 [INFO] Task planner completed: 0 tasks processed
2026-02-19 15:36:01 [INFO] Successfully processed 0 task(s)
2026-02-19 15:36:01 [INFO] Found: 3, Processed: 0, Errors: 0
2026-02-19 15:41:02 [INFO] Running in single-pass mode
2026-02-19 15:41:02 [INFO] Detected 3 new task(s) in Inbox
2026-02-19 15:41:02 [INFO] Task planner completed: 0 tasks processed
2026-02-19 15:41:02 [INFO] Successfully processed 0 task(s)
2026-02-19 15:41:02 [INFO] Found: 3, Processed: 0, Errors: 0
2026-02-19 15:46:01 [INFO] Running in single-pass mode
2026-02-19 15:46:01 [INFO] Detected 3 new task(s) in Inbox
2026-02-19 15:46:02 [INFO] Task planner completed: 0 tasks processed
2026-02-19 15:46:02 [INFO] Successfully processed 0 task(s)
2026-02-19 15:46:02 [INFO] Found: 3, Processed: 0, Errors: 0
2026-02-19 15:51:01 [INFO] Running in single-pass mode
2026-02-19 15:51:01 [INFO] Detected 3 new task(s) in Inbox
2026-02-19 15:51:02 [INFO] Task planner completed: 0 tasks processed
2026-02-19 15:51:02 [INFO] Successfully processed 0 task(s)
2026-02-19 15:51:02 [INFO] Found: 3, Processed: 0, Errors: 0
2026-02-19 15:56:01 [INFO] Running in single-pass mode
2026-02-19 15:56:01 [INFO] Detected 3 new task(s) in Inbox
2026-02-19 15:56:02 [INFO] Task planner completed: 0 tasks processed
2026-02-19 15:56:02 [INFO] Successfully processed 0 task(s)
2026-02-19 15:56:02 [INFO] Found: 3, Processed: 0, Errors: 0
2026-02-20 10:06:44 [INFO] Running in single-pass mode
2026-02-20 10:06:44 [INFO] Detected 3 new task(s) in Inbox
2026-02-20 10:06:44 [INFO] Task planner completed: 0 tasks processed
2026-02-20 10:06:44 [INFO] Successfully processed 0 task(s)
2026-02-20 10:06:44 [INFO] Found: 3, Processed: 0, Errors: 0
2026-02-20 10:11:01 [INFO] Running in single-pass mode
2026-02-20 10:11:01 [INFO] Detected 3 new task(s) in Inbox
2026-02-20 10:11:01 [INFO] Task planner completed: 0 tasks processed
2026-02-20 10:11:01 [INFO] Successfully processed 0 task(s)
2026-02-20 10:11:01 [INFO] Found: 3, Processed: 0, Errors: 0
2026-02-20 10:16:01 [INFO] Running in single-pass mode
2026-02-20 10:16:01 [INFO] Detected 3 new task(s) in Inbox
2026-02-20 10:16:01 [INFO] Task planner completed: 0 tasks processed
2026-02-20 10:16:01 [INFO] Successfully processed 0 task(s)
2026-02-20 10:16:01 [INFO] Found: 3, Processed: 0, Errors: 0
2026-02-20 10:21:02 [INFO] Running in single-pass mode
2026-02-20 10:21:02 [INFO] Detected 3 new task(s) in Inbox
2026-02-20 10:21:02 [INFO] Task planner completed: 0 tasks processed
2026-02-20 10:21:02 [INFO] Successfully processed 0 task(s)
2026-02-20 10:21:02 [INFO] Found: 3, Processed: 0, Errors: 0
2026-02-20 10:26:01 [INFO] Running in single-pass mode
2026-02-20 10:26:01 [INFO] Detected 3 new task(s) in Inbox
2026-02-20 10:26:02 [INFO] Task planner completed: 0 tasks processed
2026-02-20 10:26:02 [INFO] Successfully processed 0 task(s)
2026-02-20 10:26:02 [INFO] Found: 3, Processed: 0, Errors: 0
2026-02-20 10:31:01 [INFO] Running in single-pass mode
2026-02-20 10:31:01 [INFO] Detected 3 new task(s) in Inbox
2026-02-20 10:31:01 [INFO] Task planner completed: 0 tasks processed
2026-02-20 10:31:01 [INFO] Successfully processed 0 task(s)
2026-02-20 10:31:01 [INFO] Found: 3, Processed: 0, Errors: 0
2026-02-20 10:36:01 [INFO] Running in single-pass mode
2026-02-20 10:36:01 [INFO] Detected 3 new task(s) in Inbox
2026-02-20 10:36:01 [INFO] Task planner completed: 0 tasks processed
2026-02-20 10:36:01 [INFO] Successfully processed 0 task(s)
2026-02-20 10:36:01 [INFO] Found: 3, Processed: 0, Errors: 0
2026-02-20 10:41:01 [INFO] Running in single-pass mode
2026-02-20 10:41:01 [INFO] Detected 3 new task(s) in Inbox
2026-02-20 10:41:01 [INFO] Task planner completed: 0 tasks processed
2026-02-20 10:41:01 [INFO] Successfully processed 0 task(s)
2026-02-20 10:41:01 [INFO] Found: 3, Processed: 0, Errors: 0
2026-02-20 10:46:01 [INFO] Running in single-pass mode
2026-02-20 10:46:01 [INFO] Detected 3 new task(s) in Inbox
2026-02-20 10:46:01 [INFO] Task planner completed: 0 tasks processed
2026-02-20 10:46:01 [INFO] Successfully processed 0 task(s)
2026-02-20 10:46:01 [INFO] Found: 3, Processed: 0, Errors: 0
2026-02-20 10:51:01 [INFO] Running in single-pass mode
2026-02-20 10:51:01 [INFO] Detected 3 new task(s) in Inbox
2026-02-20 10:51:01 [INFO] Task planner completed: 0 tasks processed
2026-02-20 10:51:01 [INFO] Successfully processed 0 task(s)
2026-02-20 10:51:01 [INFO] Found: 3, Processed: 0, Errors: 0
2026-02-20 10:56:01 [INFO] Running in single-pass mode
2026-02-20 10:56:01 [INFO] Detected 3 new task(s) in Inbox
2026-02-20 10:56:01 [INFO] Task planner completed: 0 tasks processed
2026-02-20 10:56:01 [INFO] Successfully processed 0 task(s)
2026-02-20 10:56:01 [INFO] Found: 3, Processed: 0, Errors: 0
2026-02-20 11:01:01 [INFO] Running in single-pass mode
2026-02-20 11:01:01 [INFO] Detected 3 new task(s) in Inbox
2026-02-20 11:01:01 [INFO] Task planner completed: 0 tasks processed
2026-02-20 11:01:01 [INFO] Successfully processed 0 task(s)
2026-02-20 11:01:01 [INFO] Found: 3, Processed: 0, Errors: 0
2026-02-20 11:06:01 [INFO] Running in single-pass mode
2026-02-20 11:06:01 [INFO] Detected 3 new task(s) in Inbox
2026-02-20 11:06:01 [INFO] Task planner completed: 0 tasks processed
2026-02-20 11:06:01 [INFO] Successfully processed 0 task(s)
2026-02-20 11:06:01 [INFO] Found: 3, Processed: 0, Errors: 0
2026-02-20 11:11:01 [INFO] Running in single-pass mode
2026-02-20 11:11:01 [INFO] Detected 3 new task(s) in Inbox
2026-02-20 11:11:01 [INFO] Task planner completed: 0 tasks processed
2026-02-20 11:11:01 [INFO] Successfully processed 0 task(s)
2026-02-20 11:11:01 [INFO] Found: 3, Processed: 0, Errors: 0
2026-02-20 11:16:01 [INFO] Running in single-pass mode
2026-02-20 11:16:01 [INFO] Detected 3 new task(s) in Inbox
2026-02-20 11:16:01 [INFO] Task planner completed: 0 tasks processed
2026-02-20 11:16:01 [INFO] Successfully processed 0 task(s)
2026-02-20 11:16:01 [INFO] Found: 3, Processed: 0, Errors: 0
2026-02-20 11:21:01 [INFO] Running in single-pass mode
2026-02-20 11:21:01 [INFO] Detected 3 new task(s) in Inbox
2026-02-20 11:21:01 [INFO] Task planner completed: 0 tasks processed
2026-02-20 11:21:01 [INFO] Successfully processed 0 task(s)
2026-02-20 11:21:01 [INFO] Found: 3, Processed: 0, Errors: 0
2026-02-20 11:26:01 [INFO] Running in single-pass mode
2026-02-20 11:26:01 [INFO] Detected 3 new task(s) in Inbox
2026-02-20 11:26:01 [INFO] Task planner completed: 0 tasks processed
2026-02-20 11:26:01 [INFO] Successfully processed 0 task(s)
2026-02-20 11:26:01 [INFO] Found: 3, Processed: 0, Errors: 0
2026-02-20 11:31:01 [INFO] Running in single-pass mode
2026-02-20 11:31:01 [INFO] Detected 3 new task(s) in Inbox
2026-02-20 11:31:01 [INFO] Task planner completed: 0 tasks processed
2026-02-20 11:31:01 [INFO] Successfully processed 0 task(s)
2026-02-20 11:31:01 [INFO] Found: 3, Processed: 0, Errors: 0
2026-02-20 11:36:01 [INFO] Running in single-pass mode
2026-02-20 11:36:01 [INFO] Detected 3 new task(s) in Inbox
2026-02-20 11:36:01 [INFO] Task planner completed: 0 tasks processed
2026-02-20 11:36:01 [INFO] Successfully processed 0 task(s)
2026-02-20 11:36:01 [INFO] Found: 3, Processed: 0, Errors: 0
2026-02-20 11:41:01 [INFO] Running in single-pass mode
2026-02-20 11:41:01 [INFO] Detected 3 new task(s) in Inbox
2026-02-20 11:41:01 [INFO] Task planner completed: 0 tasks processed
2026-02-20 11:41:01 [INFO] Successfully processed 0 task(s)
2026-02-20 11:41:01 [INFO] Found: 3, Processed: 0, Errors: 0
2026-02-20 11:46:01 [INFO] Running in single-pass mode
2026-02-20 11:46:01 [INFO] Detected 3 new task(s) in Inbox
2026-02-20 11:46:01 [INFO] Task planner completed: 0 tasks processed
2026-02-20 11:46:01 [INFO] Successfully processed 0 task(s)
2026-02-20 11:46:01 [INFO] Found: 3, Processed: 0, Errors: 0
2026-02-20 11:51:01 [INFO] Running in single-pass mode
2026-02-20 11:51:01 [INFO] Detected 3 new task(s) in Inbox
2026-02-20 11:51:01 [INFO] Task planner completed: 0 tasks processed
2026-02-20 11:51:01 [INFO] Successfully processed 0 task(s)
2026-02-20 11:51:01 [INFO] Found: 3, Processed: 0, Errors: 0
2026-02-20 11:56:01 [INFO] Running in single-pass mode
2026-02-20 11:56:01 [INFO] Detected 3 new task(s) in Inbox
2026-02-20 11:56:01 [INFO] Task planner completed: 0 tasks processed
2026-02-20 11:56:01 [INFO] Successfully processed 0 task(s)
2026-02-20 11:56:01 [INFO] Found: 3, Processed: 0, Errors: 0
2026-02-20 12:01:01 [INFO] Running in single-pass mode
2026-02-20 12:01:01 [INFO] Detected 3 new task(s) in Inbox
2026-02-20 12:01:01 [INFO] Task planner completed: 0 tasks processed
2026-02-20 12:01:01 [INFO] Successfully processed 0 task(s)
2026-02-20 12:01:01 [INFO] Found: 3, Processed: 0, Errors: 0
2026-02-20 12:06:01 [INFO] Running in single-pass mode
2026-02-20 12:06:01 [INFO] Detected 3 new task(s) in Inbox
2026-02-20 12:06:01 [INFO] Task planner completed: 0 tasks processed
2026-02-20 12:06:01 [INFO] Successfully processed 0 task(s)
2026-02-20 12:06:01 [INFO] Found: 3, Processed: 0, Errors: 0
2026-02-20 12:11:01 [INFO] Running in single-pass mode
2026-02-20 12:11:01 [INFO] Detected 3 new task(s) in Inbox
2026-02-20 12:11:01 [INFO] Task planner completed: 0 tasks processed
2026-02-20 12:11:01 [INFO] Successfully processed 0 task(s)
2026-02-20 12:11:01 [INFO] Found: 3, Processed: 0, Errors: 0
2026-02-20 12:16:01 [INFO] Running in single-pass mode
2026-02-20 12:16:01 [INFO] Detected 3 new task(s) in Inbox
2026-02-20 12:16:01 [INFO] Task planner completed: 0 tasks processed
2026-02-20 12:16:01 [INFO] Successfully processed 0 task(s)
2026-02-20 12:16:01 [INFO] Found: 3, Processed: 0, Errors: 0
2026-02-20 12:21:01 [INFO] Running in single-pass mode
2026-02-20 12:21:01 [INFO] Detected 3 new task(s) in Inbox
2026-02-20 12:21:01 [INFO] Task planner completed: 0 tasks processed
2026-02-20 12:21:01 [INFO] Successfully processed 0 task(s)
2026-02-20 12:21:01 [INFO] Found: 3, Processed: 0, Errors: 0
2026-02-20 12:26:01 [INFO] Running in single-pass mode
2026-02-20 12:26:01 [INFO] Detected 3 new task(s) in Inbox
2026-02-20 12:26:01 [INFO] Task planner completed: 0 tasks processed
2026-02-20 12:26:01 [INFO] Successfully processed 0 task(s)
2026-02-20 12:26:01 [INFO] Found: 3, Processed: 0, Errors: 0
2026-02-20 12:31:01 [INFO] Running in single-pass mode
2026-02-20 12:31:01 [INFO] Detected 3 new task(s) in Inbox
2026-02-20 12:31:01 [INFO] Task planner completed: 0 tasks processed
2026-02-20 12:31:01 [INFO] Successfully processed 0 task(s)
2026-02-20 12:31:01 [INFO] Found: 3, Processed: 0, Errors: 0
2026-02-20 12:36:01 [INFO] Running in single-pass mode
2026-02-20 12:36:01 [INFO] Detected 3 new task(s) in Inbox
2026-02-20 12:36:01 [INFO] Task planner completed: 0 tasks processed
2026-02-20 12:36:01 [INFO] Successfully processed 0 task(s)
2026-02-20 12:36:01 [INFO] Found: 3, Processed: 0, Errors: 0
2026-02-20 12:41:01 [INFO] Running in single-pass mode
2026-02-20 12:41:01 [INFO] Detected 3 new task(s) in Inbox
2026-02-20 12:41:01 [INFO] Task planner completed: 0 tasks processed
2026-02-20 12:41:01 [INFO] Successfully processed 0 task(s)
2026-02-20 12:41:01 [INFO] Found: 3, Processed: 0, Errors: 0
2026-02-20 12:46:01 [INFO] Running in single-pass mode
2026-02-20 12:46:01 [INFO] Detected 3 new task(s) in Inbox
2026-02-20 12:46:01 [INFO] Task planner completed: 0 tasks processed
2026-02-20 12:46:01 [INFO] Successfully processed 0 task(s)
2026-02-20 12:46:01 [INFO] Found: 3, Processed: 0, Errors: 0
2026-02-20 15:56:52 [INFO] Running in single-pass mode
2026-02-20 15:56:52 [INFO] Detected 3 new task(s) in Inbox
2026-02-20 15:56:52 [INFO] Task planner completed: 0 tasks processed
2026-02-20 15:56:52 [INFO] Successfully processed 0 task(s)
2026-02-20 15:56:52 [INFO] Found: 3, Processed: 0, Errors: 0
2026-02-20 16:01:01 [INFO] Running in single-pass mode
2026-02-20 16:01:01 [INFO] Detected 3 new task(s) in Inbox
2026-02-20 16:01:01 [INFO] Task planner completed: 0 tasks processed
2026-02-20 16:01:01 [INFO] Successfully processed 0 task(s)
2026-02-20 16:01:01 [INFO] Found: 3, Processed: 0, Errors: 0
2026-02-20 16:06:01 [INFO] Running in single-pass mode
2026-02-20 16:06:01 [INFO] Detected 3 new task(s) in Inbox
2026-02-20 16:06:01 [INFO] Task planner completed: 0 tasks processed
2026-02-20 16:06:01 [INFO] Successfully processed 0 task(s)
2026-02-20 16:06:01 [INFO] Found: 3, Processed: 0, Errors: 0
2026-02-20 16:11:01 [INFO] Running in single-pass mode
2026-02-20 16:11:01 [INFO] Detected 3 new task(s) in Inbox
2026-02-20 16:11:01 [INFO] Task planner completed: 0 tasks processed
2026-02-20 16:11:01 [INFO] Successfully processed 0 task(s)
2026-02-20 16:11:01 [INFO] Found: 3, Processed: 0, Errors: 0
2026-02-20 16:16:01 [INFO] Running in single-pass mode
2026-02-20 16:16:01 [INFO] Detected 3 new task(s) in Inbox
2026-02-20 16:16:02 [INFO] Task planner completed: 0 tasks processed
2026-02-20 16:16:02 [INFO] Successfully processed 0 task(s)
2026-02-20 16:16:02 [INFO] Found: 3, Processed: 0, Errors: 0
2026-02-20 16:21:01 [INFO] Running in single-pass mode
2026-02-20 16:21:01 [INFO] Detected 3 new task(s) in Inbox
2026-02-20 16:21:01 [INFO] Task planner completed: 0 tasks processed
2026-02-20 16:21:01 [INFO] Successfully processed 0 task(s)
2026-02-20 16:21:01 [INFO] Found: 3, Processed: 0, Errors: 0
2026-02-20 16:26:01 [INFO] Running in single-pass mode
2026-02-20 16:26:01 [INFO] Detected 3 new task(s) in Inbox
2026-02-20 16:26:01 [INFO] Task planner completed: 0 tasks processed
2026-02-20 16:26:01 [INFO] Successfully processed 0 task(s)
2026-02-20 16:26:01 [INFO] Found: 3, Processed: 0, Errors: 0
2026-02-20 16:31:01 [INFO] Running in single-pass mode
2026-02-20 16:31:01 [INFO] Detected 3 new task(s) in Inbox
2026-02-20 16:31:01 [INFO] Task planner completed: 0 tasks processed
2026-02-20 16:31:01 [INFO] Successfully processed 0 task(s)
2026-02-20 16:31:01 [INFO] Found: 3, Processed: 0, Errors: 0
2026-02-20 16:36:01 [INFO] Running in single-pass mode
2026-02-20 16:36:01 [INFO] Detected 3 new task(s) in Inbox
2026-02-20 16:36:01 [INFO] Task planner completed: 0 tasks processed
2026-02-20 16:36:01 [INFO] Successfully processed 0 task(s)
2026-02-20 16:36:01 [INFO] Found: 3, Processed: 0, Errors: 0
2026-02-20 16:41:01 [INFO] Running in single-pass mode
2026-02-20 16:41:01 [INFO] Detected 3 new task(s) in Inbox
2026-02-20 16:41:01 [INFO] Task planner completed: 0 tasks processed
2026-02-20 16:41:01 [INFO] Successfully processed 0 task(s)
2026-02-20 16:41:01 [INFO] Found: 3, Processed: 0, Errors: 0
2026-02-20 16:46:01 [INFO] Running in single-pass mode
2026-02-20 16:46:01 [INFO] Detected 3 new task(s) in Inbox
2026-02-20 16:46:01 [INFO] Task planner completed: 0 tasks processed
2026-02-20 16:46:01 [INFO] Successfully processed 0 task(s)
2026-02-20 16:46:01 [INFO] Found: 3, Processed: 0, Errors: 0
2026-02-20 16:51:01 [INFO] Running in single-pass mode
2026-02-20 16:51:01 [INFO] Detected 3 new task(s) in Inbox
2026-02-20 16:51:01 [INFO] Task planner completed: 0 tasks processed
2026-02-20 16:51:01 [INFO] Successfully processed 0 task(s)
2026-02-20 16:51:01 [INFO] Found: 3, Processed: 0, Errors: 0
2026-02-20 16:56:01 [INFO] Running in single-pass mode
2026-02-20 16:56:01 [INFO] Detected 3 new task(s) in Inbox
2026-02-20 16:56:01 [INFO] Task planner completed: 0 tasks processed
2026-02-20 16:56:01 [INFO] Successfully processed 0 task(s)
2026-02-20 16:56:01 [INFO] Found: 3, Processed: 0, Errors: 0
2026-02-20 17:01:01 [INFO] Running in single-pass mode
2026-02-20 17:01:01 [INFO] Detected 3 new task(s) in Inbox
2026-02-20 17:01:01 [INFO] Task planner completed: 0 tasks processed
2026-02-20 17:01:01 [INFO] Successfully processed 0 task(s)
2026-02-20 17:01:01 [INFO] Found: 3, Processed: 0, Errors: 0
2026-02-20 17:06:01 [INFO] Running in single-pass mode
2026-02-20 17:06:01 [INFO] Detected 3 new task(s) in Inbox
2026-02-20 17:06:01 [INFO] Task planner completed: 0 tasks processed
2026-02-20 17:06:01 [INFO] Successfully processed 0 task(s)
2026-02-20 17:06:01 [INFO] Found: 3, Processed: 0, Errors: 0
2026-02-20 22:58:33 [INFO] Running in single-pass mode
2026-02-20 22:58:33 [INFO] Detected 3 new task(s) in Inbox
2026-02-20 22:58:33 [INFO] Task planner completed: 0 tasks processed
2026-02-20 22:58:33 [INFO] Successfully processed 0 task(s)
2026-02-20 22:58:33 [INFO] Found: 3, Processed: 0, Errors: 0
2026-02-20 23:01:01 [INFO] Running in single-pass mode
2026-02-20 23:01:01 [INFO] Detected 3 new task(s) in Inbox
2026-02-20 23:01:01 [INFO] Task planner completed: 0 tasks processed
2026-02-20 23:01:01 [INFO] Successfully processed 0 task(s)
2026-02-20 23:01:01 [INFO] Found: 3, Processed: 0, Errors: 0
2026-02-20 23:06:01 [INFO] Running in single-pass mode
2026-02-20 23:06:01 [INFO] Detected 3 new task(s) in Inbox
2026-02-20 23:06:01 [INFO] Task planner completed: 0 tasks processed
2026-02-20 23:06:01 [INFO] Successfully processed 0 task(s)
2026-02-20 23:06:01 [INFO] Found: 3, Processed: 0, Errors: 0
2026-02-20 23:11:01 [INFO] Running in single-pass mode
2026-02-20 23:11:01 [INFO] Detected 3 new task(s) in Inbox
2026-02-20 23:11:01 [INFO] Task planner completed: 0 tasks processed
2026-02-20 23:11:01 [INFO] Successfully processed 0 task(s)
2026-02-20 23:11:01 [INFO] Found: 3, Processed: 0, Errors: 0
2026-02-20 23:16:01 [INFO] Running in single-pass mode
2026-02-20 23:16:01 [INFO] Detected 3 new task(s) in Inbox
2026-02-20 23:16:01 [INFO] Task planner completed: 0 tasks processed
2026-02-20 23:16:01 [INFO] Successfully processed 0 task(s)
2026-02-20 23:16:01 [INFO] Found: 3, Processed: 0, Errors: 0
2026-02-20 23:21:01 [INFO] Running in single-pass mode
2026-02-20 23:21:01 [INFO] Detected 3 new task(s) in Inbox
2026-02-20 23:21:01 [INFO] Task planner completed: 0 tasks processed
2026-02-20 23:21:01 [INFO] Successfully processed 0 task(s)
2026-02-20 23:21:01 [INFO] Found: 3, Processed: 0, Errors: 0
2026-02-20 23:26:01 [INFO] Running in single-pass mode
2026-02-20 23:26:01 [INFO] Detected 3 new task(s) in Inbox
2026-02-20 23:26:01 [INFO] Task planner completed: 0 tasks processed
2026-02-20 23:26:01 [INFO] Successfully processed 0 task(s)
2026-02-20 23:26:01 [INFO] Found: 3, Processed: 0, Errors: 0
2026-02-20 23:31:01 [INFO] Running in single-pass mode
2026-02-20 23:31:01 [INFO] Detected 3 new task(s) in Inbox
2026-02-20 23:31:01 [INFO] Task planner completed: 0 tasks processed
2026-02-20 23:31:01 [INFO] Successfully processed 0 task(s)
2026-02-20 23:31:01 [INFO] Found: 3, Processed: 0, Errors: 0
2026-02-20 23:36:01 [INFO] Running in single-pass mode
2026-02-20 23:36:01 [INFO] Detected 3 new task(s) in Inbox
2026-02-20 23:36:02 [INFO] Task planner completed: 0 tasks processed
2026-02-20 23:36:02 [INFO] Successfully processed 0 task(s)
2026-02-20 23:36:02 [INFO] Found: 3, Processed: 0, Errors: 0
2026-02-20 23:41:01 [INFO] Running in single-pass mode
2026-02-20 23:41:01 [INFO] Detected 3 new task(s) in Inbox
2026-02-20 23:41:02 [INFO] Task planner completed: 0 tasks processed
2026-02-20 23:41:02 [INFO] Successfully processed 0 task(s)
2026-02-20 23:41:02 [INFO] Found: 3, Processed: 0, Errors: 0
2026-02-20 23:46:01 [INFO] Running in single-pass mode
2026-02-20 23:46:01 [INFO] Detected 3 new task(s) in Inbox
2026-02-20 23:46:01 [INFO] Task planner completed: 0 tasks processed
2026-02-20 23:46:01 [INFO] Successfully processed 0 task(s)
2026-02-20 23:46:01 [INFO] Found: 3, Processed: 0, Errors: 0
2026-02-20 23:51:01 [INFO] Running in single-pass mode
2026-02-20 23:51:01 [INFO] Detected 3 new task(s) in Inbox
2026-02-20 23:51:01 [INFO] Task planner completed: 0 tasks processed
2026-02-20 23:51:01 [INFO] Successfully processed 0 task(s)
2026-02-20 23:51:01 [INFO] Found: 3, Processed: 0, Errors: 0
2026-02-20 23:56:01 [INFO] Running in single-pass mode
2026-02-20 23:56:01 [INFO] Detected 3 new task(s) in Inbox
2026-02-20 23:56:01 [INFO] Task planner completed: 0 tasks processed
2026-02-20 23:56:01 [INFO] Successfully processed 0 task(s)
2026-02-20 23:56:01 [INFO] Found: 3, Processed: 0, Errors: 0
2026-02-21 00:01:01 [INFO] Running in single-pass mode
2026-02-21 00:01:01 [INFO] Detected 3 new task(s) in Inbox
2026-02-21 00:01:01 [INFO] Task planner completed: 0 tasks processed
2026-02-21 00:01:01 [INFO] Successfully processed 0 task(s)
2026-02-21 00:01:01 [INFO] Found: 3, Processed: 0, Errors: 0
2026-02-21 00:06:01 [INFO] Running in single-pass mode
2026-02-21 00:06:01 [INFO] Detected 3 new task(s) in Inbox
2026-02-21 00:06:02 [INFO] Task planner completed: 0 tasks processed
2026-02-21 00:06:02 [INFO] Successfully processed 0 task(s)
2026-02-21 00:06:02 [INFO] Found: 3, Processed: 0, Errors: 0
2026-02-21 00:11:01 [INFO] Running in single-pass mode
2026-02-21 00:11:01 [INFO] Detected 3 new task(s) in Inbox
2026-02-21 00:11:01 [INFO] Task planner completed: 0 tasks processed
2026-02-21 00:11:01 [INFO] Successfully processed 0 task(s)
2026-02-21 00:11:01 [INFO] Found: 3, Processed: 0, Errors: 0
2026-02-21 00:16:01 [INFO] Running in single-pass mode
2026-02-21 00:16:01 [INFO] Detected 3 new task(s) in Inbox
2026-02-21 00:16:01 [INFO] Task planner completed: 0 tasks processed
2026-02-21 00:16:01 [INFO] Successfully processed 0 task(s)
2026-02-21 00:16:01 [INFO] Found: 3, Processed: 0, Errors: 0
2026-02-21 12:27:22 [INFO] Running in single-pass mode
2026-02-21 12:27:22 [INFO] Detected 3 new task(s) in Inbox
2026-02-21 12:27:22 [INFO] Task planner completed: 0 tasks processed
2026-02-21 12:27:22 [INFO] Successfully processed 0 task(s)
2026-02-21 12:27:22 [INFO] Found: 3, Processed: 0, Errors: 0
2026-02-21 12:31:01 [INFO] Running in single-pass mode
2026-02-21 12:31:01 [INFO] Detected 3 new task(s) in Inbox
2026-02-21 12:31:02 [INFO] Task planner completed: 0 tasks processed
2026-02-21 12:31:02 [INFO] Successfully processed 0 task(s)
2026-02-21 12:31:02 [INFO] Found: 3, Processed: 0, Errors: 0
2026-02-21 12:36:02 [INFO] Running in single-pass mode
2026-02-21 12:36:02 [INFO] Detected 3 new task(s) in Inbox
2026-02-21 12:36:02 [INFO] Task planner completed: 0 tasks processed
2026-02-21 12:36:02 [INFO] Successfully processed 0 task(s)
2026-02-21 12:36:02 [INFO] Found: 3, Processed: 0, Errors: 0
2026-02-21 12:41:01 [INFO] Running in single-pass mode
2026-02-21 12:41:01 [INFO] Detected 3 new task(s) in Inbox
2026-02-21 12:41:02 [INFO] Task planner completed: 0 tasks processed
2026-02-21 12:41:02 [INFO] Successfully processed 0 task(s)
2026-02-21 12:41:02 [INFO] Found: 3, Processed: 0, Errors: 0
2026-02-21 12:46:01 [INFO] Running in single-pass mode
2026-02-21 12:46:01 [INFO] Detected 3 new task(s) in Inbox
2026-02-21 12:46:02 [INFO] Task planner completed: 0 tasks processed
2026-02-21 12:46:02 [INFO] Successfully processed 0 task(s)
2026-02-21 12:46:02 [INFO] Found: 3, Processed: 0, Errors: 0
2026-02-21 12:51:02 [INFO] Running in single-pass mode
2026-02-21 12:51:02 [INFO] Detected 3 new task(s) in Inbox
2026-02-21 12:51:02 [INFO] Task planner completed: 0 tasks processed
2026-02-21 12:51:02 [INFO] Successfully processed 0 task(s)
2026-02-21 12:51:02 [INFO] Found: 3, Processed: 0, Errors: 0
2026-02-21 12:56:02 [INFO] Running in single-pass mode
2026-02-21 12:56:02 [INFO] Detected 3 new task(s) in Inbox
2026-02-21 12:56:02 [INFO] Task planner completed: 0 tasks processed
2026-02-21 12:56:02 [INFO] Successfully processed 0 task(s)
2026-02-21 12:56:02 [INFO] Found: 3, Processed: 0, Errors: 0
2026-02-21 13:01:01 [INFO] Running in single-pass mode
2026-02-21 13:01:01 [INFO] Detected 3 new task(s) in Inbox
2026-02-21 13:01:02 [INFO] Task planner completed: 0 tasks processed
2026-02-21 13:01:02 [INFO] Successfully processed 0 task(s)
2026-02-21 13:01:02 [INFO] Found: 3, Processed: 0, Errors: 0
2026-02-21 13:06:01 [INFO] Running in single-pass mode
2026-02-21 13:06:01 [INFO] Detected 3 new task(s) in Inbox
2026-02-21 13:06:02 [INFO] Task planner completed: 0 tasks processed
2026-02-21 13:06:02 [INFO] Successfully processed 0 task(s)
2026-02-21 13:06:02 [INFO] Found: 3, Processed: 0, Errors: 0
2026-02-21 13:11:02 [INFO] Running in single-pass mode
2026-02-21 13:11:02 [INFO] Detected 3 new task(s) in Inbox
2026-02-21 13:11:02 [INFO] Task planner completed: 0 tasks processed
2026-02-21 13:11:02 [INFO] Successfully processed 0 task(s)
2026-02-21 13:11:02 [INFO] Found: 3, Processed: 0, Errors: 0
2026-02-21 13:16:02 [INFO] Running in single-pass mode
2026-02-21 13:16:02 [INFO] Detected 3 new task(s) in Inbox
2026-02-21 13:16:02 [INFO] Task planner completed: 0 tasks processed
2026-02-21 13:16:02 [INFO] Successfully processed 0 task(s)
2026-02-21 13:16:02 [INFO] Found: 3, Processed: 0, Errors: 0
2026-02-21 13:21:02 [INFO] Running in single-pass mode
2026-02-21 13:21:02 [INFO] Detected 3 new task(s) in Inbox
2026-02-21 13:21:02 [INFO] Task planner completed: 0 tasks processed
2026-02-21 13:21:02 [INFO] Successfully processed 0 task(s)
2026-02-21 13:21:02 [INFO] Found: 3, Processed: 0, Errors: 0
2026-02-21 13:26:02 [INFO] Running in single-pass mode
2026-02-21 13:26:02 [INFO] Detected 3 new task(s) in Inbox
2026-02-21 13:26:02 [INFO] Task planner completed: 0 tasks processed
2026-02-21 13:26:02 [INFO] Successfully processed 0 task(s)
2026-02-21 13:26:02 [INFO] Found: 3, Processed: 0, Errors: 0
2026-02-21 13:31:02 [INFO] Running in single-pass mode
2026-02-21 13:31:02 [INFO] Detected 3 new task(s) in Inbox
2026-02-21 13:31:02 [INFO] Task planner completed: 0 tasks processed
2026-02-21 13:31:02 [INFO] Successfully processed 0 task(s)
2026-02-21 13:31:02 [INFO] Found: 3, Processed: 0, Errors: 0
2026-02-21 13:36:02 [INFO] Running in single-pass mode
2026-02-21 13:36:02 [INFO] Detected 3 new task(s) in Inbox
2026-02-21 13:36:02 [INFO] Task planner completed: 0 tasks processed
2026-02-21 13:36:02 [INFO] Successfully processed 0 task(s)
2026-02-21 13:36:02 [INFO] Found: 3, Processed: 0, Errors: 0
2026-02-21 13:41:02 [INFO] Running in single-pass mode
2026-02-21 13:41:02 [INFO] Detected 3 new task(s) in Inbox
2026-02-21 13:41:02 [INFO] Task planner completed: 0 tasks processed
2026-02-21 13:41:02 [INFO] Successfully processed 0 task(s)
2026-02-21 13:41:02 [INFO] Found: 3, Processed: 0, Errors: 0
2026-02-21 13:46:02 [INFO] Running in single-pass mode
2026-02-21 13:46:02 [INFO] Detected 3 new task(s) in Inbox
2026-02-21 13:46:02 [INFO] Task planner completed: 0 tasks processed
2026-02-21 13:46:02 [INFO] Successfully processed 0 task(s)
2026-02-21 13:46:02 [INFO] Found: 3, Processed: 0, Errors: 0
2026-02-21 13:51:02 [INFO] Running in single-pass mode
2026-02-21 13:51:02 [INFO] Detected 3 new task(s) in Inbox
2026-02-21 13:51:02 [INFO] Task planner completed: 0 tasks processed
2026-02-21 13:51:02 [INFO] Successfully processed 0 task(s)
2026-02-21 13:51:02 [INFO] Found: 3, Processed: 0, Errors: 0
2026-02-21 13:56:02 [INFO] Running in single-pass mode
2026-02-21 13:56:02 [INFO] Detected 3 new task(s) in Inbox
2026-02-21 13:56:02 [INFO] Task planner completed: 0 tasks processed
2026-02-21 13:56:02 [INFO] Successfully processed 0 task(s)
2026-02-21 13:56:02 [INFO] Found: 3, Processed: 0, Errors: 0
2026-02-22 10:39:00 [INFO] Running in single-pass mode
2026-02-22 10:39:00 [INFO] Detected 3 new task(s) in Inbox
2026-02-22 10:39:00 [INFO] Task planner completed: 0 tasks processed
2026-02-22 10:39:00 [INFO] Successfully processed 0 task(s)
2026-02-22 10:39:00 [INFO] Found: 3, Processed: 0, Errors: 0
2026-02-22 10:46:01 [INFO] Running in single-pass mode
2026-02-22 10:46:01 [INFO] Detected 3 new task(s) in Inbox
2026-02-22 10:46:01 [INFO] Task planner completed: 0 tasks processed
2026-02-22 10:46:01 [INFO] Successfully processed 0 task(s)
2026-02-22 10:46:01 [INFO] Found: 3, Processed: 0, Errors: 0
2026-02-22 10:51:01 [INFO] Running in single-pass mode
2026-02-22 10:51:01 [INFO] Detected 3 new task(s) in Inbox
2026-02-22 10:51:01 [INFO] Task planner completed: 0 tasks processed
2026-02-22 10:51:01 [INFO] Successfully processed 0 task(s)
2026-02-22 10:51:01 [INFO] Found: 3, Processed: 0, Errors: 0
2026-02-22 10:56:01 [INFO] Running in single-pass mode
2026-02-22 10:56:01 [INFO] Detected 3 new task(s) in Inbox
2026-02-22 10:56:01 [INFO] Task planner completed: 0 tasks processed
2026-02-22 10:56:01 [INFO] Successfully processed 0 task(s)
2026-02-22 10:56:01 [INFO] Found: 3, Processed: 0, Errors: 0
2026-02-22 11:01:01 [INFO] Running in single-pass mode
2026-02-22 11:01:01 [INFO] Detected 3 new task(s) in Inbox
2026-02-22 11:01:01 [INFO] Task planner completed: 0 tasks processed
2026-02-22 11:01:01 [INFO] Successfully processed 0 task(s)
2026-02-22 11:01:01 [INFO] Found: 3, Processed: 0, Errors: 0
2026-02-22 11:06:02 [INFO] Running in single-pass mode
2026-02-22 11:06:02 [INFO] Detected 3 new task(s) in Inbox
2026-02-22 11:06:02 [INFO] Task planner completed: 0 tasks processed
2026-02-22 11:06:02 [INFO] Successfully processed 0 task(s)
2026-02-22 11:06:02 [INFO] Found: 3, Processed: 0, Errors: 0
2026-02-22 11:11:01 [INFO] Running in single-pass mode
2026-02-22 11:11:01 [INFO] Detected 3 new task(s) in Inbox
2026-02-22 11:11:01 [INFO] Task planner completed: 0 tasks processed
2026-02-22 11:11:01 [INFO] Successfully processed 0 task(s)
2026-02-22 11:11:01 [INFO] Found: 3, Processed: 0, Errors: 0
2026-02-22 11:16:01 [INFO] Running in single-pass mode
2026-02-22 11:16:01 [INFO] Detected 3 new task(s) in Inbox
2026-02-22 11:16:01 [INFO] Task planner completed: 0 tasks processed
2026-02-22 11:16:01 [INFO] Successfully processed 0 task(s)
2026-02-22 11:16:01 [INFO] Found: 3, Processed: 0, Errors: 0
2026-02-22 11:21:01 [INFO] Running in single-pass mode
2026-02-22 11:21:01 [INFO] Detected 3 new task(s) in Inbox
2026-02-22 11:21:01 [INFO] Task planner completed: 0 tasks processed
2026-02-22 11:21:01 [INFO] Successfully processed 0 task(s)
2026-02-22 11:21:01 [INFO] Found: 3, Processed: 0, Errors: 0
2026-02-22 11:26:01 [INFO] Running in single-pass mode
2026-02-22 11:26:01 [INFO] Detected 3 new task(s) in Inbox
2026-02-22 11:26:01 [INFO] Task planner completed: 0 tasks processed
2026-02-22 11:26:01 [INFO] Successfully processed 0 task(s)
2026-02-22 11:26:01 [INFO] Found: 3, Processed: 0, Errors: 0
2026-02-22 11:31:01 [INFO] Running in single-pass mode
2026-02-22 11:31:01 [INFO] Detected 3 new task(s) in Inbox
2026-02-22 11:31:01 [INFO] Task planner completed: 0 tasks processed
2026-02-22 11:31:01 [INFO] Successfully processed 0 task(s)
2026-02-22 11:31:01 [INFO] Found: 3, Processed: 0, Errors: 0
2026-02-22 11:36:01 [INFO] Running in single-pass mode
2026-02-22 11:36:01 [INFO] Detected 3 new task(s) in Inbox
2026-02-22 11:36:01 [INFO] Task planner completed: 0 tasks processed
2026-02-22 11:36:01 [INFO] Successfully processed 0 task(s)
2026-02-22 11:36:01 [INFO] Found: 3, Processed: 0, Errors: 0
2026-02-22 11:41:01 [INFO] Running in single-pass mode
2026-02-22 11:41:01 [INFO] Detected 3 new task(s) in Inbox
2026-02-22 11:41:01 [INFO] Task planner completed: 0 tasks processed
2026-02-22 11:41:01 [INFO] Successfully processed 0 task(s)
2026-02-22 11:41:01 [INFO] Found: 3, Processed: 0, Errors: 0
2026-02-22 11:46:01 [INFO] Running in single-pass mode
2026-02-22 11:46:01 [INFO] Detected 3 new task(s) in Inbox
2026-02-22 11:46:01 [INFO] Task planner completed: 0 tasks processed
2026-02-22 11:46:01 [INFO] Successfully processed 0 task(s)
2026-02-22 11:46:01 [INFO] Found: 3, Processed: 0, Errors: 0
2026-02-22 11:51:01 [INFO] Running in single-pass mode
2026-02-22 11:51:01 [INFO] Detected 3 new task(s) in Inbox
2026-02-22 11:51:01 [INFO] Task planner completed: 0 tasks processed
2026-02-22 11:51:01 [INFO] Successfully processed 0 task(s)
2026-02-22 11:51:01 [INFO] Found: 3, Processed: 0, Errors: 0
2026-02-22 11:56:01 [INFO] Running in single-pass mode
2026-02-22 11:56:01 [INFO] Detected 3 new task(s) in Inbox
2026-02-22 11:56:01 [INFO] Task planner completed: 0 tasks processed
2026-02-22 11:56:01 [INFO] Successfully processed 0 task(s)
2026-02-22 11:56:01 [INFO] Found: 3, Processed: 0, Errors: 0
2026-02-22 12:16:01 [INFO] Running in single-pass mode
2026-02-22 12:16:01 [INFO] Detected 3 new task(s) in Inbox
2026-02-22 12:16:01 [INFO] Task planner completed: 0 tasks processed
2026-02-22 12:16:01 [INFO] Successfully processed 0 task(s)
2026-02-22 12:16:01 [INFO] Found: 3, Processed: 0, Errors: 0
2026-02-22 12:21:01 [INFO] Running in single-pass mode
2026-02-22 12:21:01 [INFO] Detected 3 new task(s) in Inbox
2026-02-22 12:21:01 [INFO] Task planner completed: 0 tasks processed
2026-02-22 12:21:01 [INFO] Successfully processed 0 task(s)
2026-02-22 12:21:01 [INFO] Found: 3, Processed: 0, Errors: 0
2026-02-22 12:26:01 [INFO] Running in single-pass mode
2026-02-22 12:26:01 [INFO] Detected 3 new task(s) in Inbox
2026-02-22 12:26:01 [INFO] Task planner completed: 0 tasks processed
2026-02-22 12:26:01 [INFO] Successfully processed 0 task(s)
2026-02-22 12:26:01 [INFO] Found: 3, Processed: 0, Errors: 0
2026-02-22 16:00:25 [INFO] Running in single-pass mode
2026-02-22 16:00:25 [INFO] Detected 3 new task(s) in Inbox
2026-02-22 16:00:25 [INFO] Task planner completed: 0 tasks processed
2026-02-22 16:00:25 [INFO] Successfully processed 0 task(s)
2026-02-22 16:00:25 [INFO] Found: 3, Processed: 0, Errors: 0
2026-02-22 16:03:53 [INFO] Running in single-pass mode
2026-02-22 16:03:53 [INFO] Detected 4 new task(s) in Inbox
2026-02-22 16:03:53 [INFO] Task planner completed: 1 tasks processed
2026-02-22 16:03:53 [INFO] Successfully processed 1 task(s)
2026-02-22 16:03:53 [INFO] Found: 4, Processed: 1, Errors: 0
2026-02-22 17:03:26 [INFO] Running in single-pass mode
2026-02-22 17:03:26 [INFO] Detected 4 new task(s) in Inbox
2026-02-22 17:03:26 [INFO] Task planner completed: 0 tasks processed
2026-02-22 17:03:26 [INFO] Successfully processed 0 task(s)
2026-02-22 17:03:26 [INFO] Found: 4, Processed: 0, Errors: 0
2026-02-22 17:06:00 [INFO] Running in single-pass mode
2026-02-22 17:06:00 [INFO] Detected 4 new task(s) in Inbox
2026-02-22 17:06:00 [INFO] Task planner completed: 0 tasks processed
2026-02-22 17:06:00 [INFO] Successfully processed 0 task(s)
2026-02-22 17:06:00 [INFO] Found: 4, Processed: 0, Errors: 0
2026-02-22 17:06:01 [INFO] Running in single-pass mode
2026-02-22 17:06:01 [INFO] Detected 4 new task(s) in Inbox
2026-02-22 17:06:01 [INFO] Task planner completed: 0 tasks processed
2026-02-22 17:06:01 [INFO] Successfully processed 0 task(s)
2026-02-22 17:06:01 [INFO] Found: 4, Processed: 0, Errors: 0
2026-02-22 17:11:02 [INFO] Running in single-pass mode
2026-02-22 17:11:02 [INFO] Detected 4 new task(s) in Inbox
2026-02-22 17:11:02 [INFO] Task planner completed: 0 tasks processed
2026-02-22 17:11:02 [INFO] Successfully processed 0 task(s)
2026-02-22 17:11:02 [INFO] Found: 4, Processed: 0, Errors: 0
2026-02-22 17:16:01 [INFO] Running in single-pass mode
2026-02-22 17:16:01 [INFO] Detected 4 new task(s) in Inbox
2026-02-22 17:16:01 [INFO] Task planner completed: 0 tasks processed
2026-02-22 17:16:01 [INFO] Successfully processed 0 task(s)
2026-02-22 17:16:01 [INFO] Found: 4, Processed: 0, Errors: 0
2026-02-22 17:21:01 [INFO] Running in single-pass mode
2026-02-22 17:21:01 [INFO] Detected 4 new task(s) in Inbox
2026-02-22 17:21:01 [INFO] Task planner completed: 0 tasks processed
2026-02-22 17:21:01 [INFO] Successfully processed 0 task(s)
2026-02-22 17:21:01 [INFO] Found: 4, Processed: 0, Errors: 0
2026-02-22 17:26:01 [INFO] Running in single-pass mode
2026-02-22 17:26:01 [INFO] Detected 4 new task(s) in Inbox
2026-02-22 17:26:02 [INFO] Task planner completed: 0 tasks processed
2026-02-22 17:26:02 [INFO] Successfully processed 0 task(s)
2026-02-22 17:26:02 [INFO] Found: 4, Processed: 0, Errors: 0
2026-02-22 17:31:01 [INFO] Running in single-pass mode
2026-02-22 17:31:01 [INFO] Detected 4 new task(s) in Inbox
2026-02-22 17:31:01 [INFO] Task planner completed: 0 tasks processed
2026-02-22 17:31:01 [INFO] Successfully processed 0 task(s)
2026-02-22 17:31:01 [INFO] Found: 4, Processed: 0, Errors: 0
2026-02-22 17:36:01 [INFO] Running in single-pass mode
2026-02-22 17:36:01 [INFO] Detected 4 new task(s) in Inbox
2026-02-22 17:36:01 [INFO] Task planner completed: 0 tasks processed
2026-02-22 17:36:01 [INFO] Successfully processed 0 task(s)
2026-02-22 17:36:01 [INFO] Found: 4, Processed: 0, Errors: 0
2026-02-22 22:24:32 [INFO] Running in single-pass mode
2026-02-22 22:24:32 [INFO] Detected 4 new task(s) in Inbox
2026-02-22 22:24:33 [INFO] Task planner completed: 0 tasks processed
2026-02-22 22:24:33 [INFO] Successfully processed 0 task(s)
2026-02-22 22:24:33 [INFO] Found: 4, Processed: 0, Errors: 0
2026-02-22 22:26:01 [INFO] Running in single-pass mode
2026-02-22 22:26:01 [INFO] Detected 4 new task(s) in Inbox
2026-02-22 22:26:01 [INFO] Task planner completed: 0 tasks processed
2026-02-22 22:26:01 [INFO] Successfully processed 0 task(s)
2026-02-22 22:26:01 [INFO] Found: 4, Processed: 0, Errors: 0
2026-02-22 22:31:01 [INFO] Running in single-pass mode
2026-02-22 22:31:01 [INFO] Detected 4 new task(s) in Inbox
2026-02-22 22:31:01 [INFO] Task planner completed: 0 tasks processed
2026-02-22 22:31:01 [INFO] Successfully processed 0 task(s)
2026-02-22 22:31:01 [INFO] Found: 4, Processed: 0, Errors: 0
