2026-02-20 23:37:05 - SkillsOrchestrator - INFO - Orchestrator initialized - Schedule interval: 15 minutes
2026-02-20 23:37:05 - SkillsOrchestrator - INFO - Orchestrator initialized - Schedule interval: 15 minutes
2026-02-20 23:37:05 - SkillsOrchestrator - INFO - Scheduling skill runs every 15 minutes
2026-02-20 23:37:05 - SkillsOrchestrator - INFO - Press Ctrl+C to stop the scheduler

2026-02-20 23:37:05 - SkillsOrchestrator - INFO - ================================================================================
2026-02-20 23:37:05 - SkillsOrchestrator - INFO - ORCHESTRATOR RUN #1 - 2026-02-20 23:37:05
2026-02-20 23:37:05 - SkillsOrchestrator - INFO - ================================================================================
2026-02-20 23:37:05 - SkillsOrchestrator - INFO - 
>>>>>>>>>>>>>>>>>>>>>>>>>>>>>>>>>>>>>>>>
2026-02-20 23:37:05 - SkillsOrchestrator - INFO - SKILL 1: ReasoningPlanner
2026-02-20 23:37:05 - SkillsOrchestrator - INFO - Purpose: Generates reasoning plans from task files
2026-02-20 23:37:05 - SkillsOrchestrator - INFO - >>>>>>>>>>>>>>>>>>>>>>>>>>>>>>>>>>>>>>>>
2026-02-20 23:37:05 - SkillsOrchestrator - INFO - Starting ReasoningPlanner...
2026-02-20 23:37:05 - SkillsOrchestrator - WARNING - [WARN] ReasoningPlanner completed with no output
2026-02-20 23:37:05 - SkillsOrchestrator - INFO - 
>>>>>>>>>>>>>>>>>>>>>>>>>>>>>>>>>>>>>>>>
2026-02-20 23:37:05 - SkillsOrchestrator - INFO - SKILL 2: EmailSender
2026-02-20 23:37:05 - SkillsOrchestrator - INFO - Purpose: Generates emails from plan files
2026-02-20 23:37:05 - SkillsOrchestrator - INFO - >>>>>>>>>>>>>>>>>>>>>>>>>>>>>>>>>>>>>>>>
2026-02-20 23:37:05 - SkillsOrchestrator - INFO - Starting EmailSender...
2026-02-20 23:37:05 - SkillsOrchestrator - INFO - [OK] EmailSender completed in 0.19s
2026-02-20 23:37:05 - SkillsOrchestrator - INFO -    Output: E:\GH-Q4\Hackathon0-FTE\AI_Employee\vault\email_send_log_20260220_233705.json
2026-02-20 23:37:05 - SkillsOrchestrator - INFO - 
>>>>>>>>>>>>>>>>>>>>>>>>>>>>>>>>>>>>>>>>
2026-02-20 23:37:05 - SkillsOrchestrator - INFO - SKILL 3: ApprovalChecker
2026-02-20 23:37:05 - SkillsOrchestrator - INFO - Purpose: Creates approval workflow for sensitive actions
2026-02-20 23:37:05 - SkillsOrchestrator - INFO - >>>>>>>>>>>>>>>>>>>>>>>>>>>>>>>>>>>>>>>>
2026-02-20 23:37:05 - SkillsOrchestrator - INFO - Starting ApprovalChecker...
2026-02-20 23:37:05 - SkillsOrchestrator - INFO - [OK] ApprovalChecker completed in 0.09s
2026-02-20 23:37:05 - SkillsOrchestrator - INFO -    Pending Approval: 48
2026-02-20 23:37:05 - SkillsOrchestrator - INFO -    Approved: 3
2026-02-20 23:37:05 - SkillsOrchestrator - INFO -    Rejected: 0
2026-02-20 23:37:05 - SkillsOrchestrator - INFO -    Completed: 0
2026-02-20 23:37:05 - SkillsOrchestrator - INFO - 
================================================================================
2026-02-20 23:37:05 - SkillsOrchestrator - INFO - RUN #1 COMPLETE - Duration: 0.29s
2026-02-20 23:37:05 - SkillsOrchestrator - INFO - ================================================================================

2026-02-20 23:37:05 - SkillsOrchestrator - DEBUG - Results saved to E:\GH-Q4\Hackathon0-FTE\AI_Employee\vault\orchestrator_logs\run_0001_20260220_233705.json
2026-02-20 23:52:06 - SkillsOrchestrator - INFO - ================================================================================
2026-02-20 23:52:06 - SkillsOrchestrator - INFO - ORCHESTRATOR RUN #2 - 2026-02-20 23:52:06
2026-02-20 23:52:06 - SkillsOrchestrator - INFO - ================================================================================
2026-02-20 23:52:06 - SkillsOrchestrator - INFO - 
>>>>>>>>>>>>>>>>>>>>>>>>>>>>>>>>>>>>>>>>
2026-02-20 23:52:06 - SkillsOrchestrator - INFO - SKILL 1: ReasoningPlanner
2026-02-20 23:52:06 - SkillsOrchestrator - INFO - Purpose: Generates reasoning plans from task files
2026-02-20 23:52:06 - SkillsOrchestrator - INFO - >>>>>>>>>>>>>>>>>>>>>>>>>>>>>>>>>>>>>>>>
2026-02-20 23:52:06 - SkillsOrchestrator - INFO - Starting ReasoningPlanner...
2026-02-20 23:52:06 - SkillsOrchestrator - WARNING - [WARN] ReasoningPlanner completed with no output
2026-02-20 23:52:06 - SkillsOrchestrator - INFO - 
>>>>>>>>>>>>>>>>>>>>>>>>>>>>>>>>>>>>>>>>
2026-02-20 23:52:06 - SkillsOrchestrator - INFO - SKILL 2: EmailSender
2026-02-20 23:52:06 - SkillsOrchestrator - INFO - Purpose: Generates emails from plan files
2026-02-20 23:52:06 - SkillsOrchestrator - INFO - >>>>>>>>>>>>>>>>>>>>>>>>>>>>>>>>>>>>>>>>
2026-02-20 23:52:06 - SkillsOrchestrator - INFO - Starting EmailSender...
2026-02-20 23:52:06 - SkillsOrchestrator - INFO - [OK] EmailSender completed in 0.12s
2026-02-20 23:52:06 - SkillsOrchestrator - INFO -    Output: E:\GH-Q4\Hackathon0-FTE\AI_Employee\vault\email_send_log_20260220_235206.json
2026-02-20 23:52:06 - SkillsOrchestrator - INFO - 
>>>>>>>>>>>>>>>>>>>>>>>>>>>>>>>>>>>>>>>>
2026-02-20 23:52:06 - SkillsOrchestrator - INFO - SKILL 3: ApprovalChecker
2026-02-20 23:52:06 - SkillsOrchestrator - INFO - Purpose: Creates approval workflow for sensitive actions
2026-02-20 23:52:06 - SkillsOrchestrator - INFO - >>>>>>>>>>>>>>>>>>>>>>>>>>>>>>>>>>>>>>>>
2026-02-20 23:52:06 - SkillsOrchestrator - INFO - Starting ApprovalChecker...
2026-02-20 23:52:06 - SkillsOrchestrator - INFO - [OK] ApprovalChecker completed in 0.07s
2026-02-20 23:52:06 - SkillsOrchestrator - INFO -    Pending Approval: 54
2026-02-20 23:52:06 - SkillsOrchestrator - INFO -    Approved: 3
2026-02-20 23:52:06 - SkillsOrchestrator - INFO -    Rejected: 0
2026-02-20 23:52:06 - SkillsOrchestrator - INFO -    Completed: 0
2026-02-20 23:52:06 - SkillsOrchestrator - INFO - 
================================================================================
2026-02-20 23:52:06 - SkillsOrchestrator - INFO - RUN #2 COMPLETE - Duration: 0.20s
2026-02-20 23:52:06 - SkillsOrchestrator - INFO - ================================================================================

2026-02-20 23:52:06 - SkillsOrchestrator - DEBUG - Results saved to E:\GH-Q4\Hackathon0-FTE\AI_Employee\vault\orchestrator_logs\run_0002_20260220_235206.json
2026-02-21 00:07:06 - SkillsOrchestrator - INFO - ================================================================================
2026-02-21 00:07:06 - SkillsOrchestrator - INFO - ORCHESTRATOR RUN #3 - 2026-02-21 00:07:06
2026-02-21 00:07:06 - SkillsOrchestrator - INFO - ================================================================================
2026-02-21 00:07:06 - SkillsOrchestrator - INFO - 
>>>>>>>>>>>>>>>>>>>>>>>>>>>>>>>>>>>>>>>>
2026-02-21 00:07:06 - SkillsOrchestrator - INFO - SKILL 1: ReasoningPlanner
2026-02-21 00:07:06 - SkillsOrchestrator - INFO - Purpose: Generates reasoning plans from task files
2026-02-21 00:07:06 - SkillsOrchestrator - INFO - >>>>>>>>>>>>>>>>>>>>>>>>>>>>>>>>>>>>>>>>
2026-02-21 00:07:06 - SkillsOrchestrator - INFO - Starting ReasoningPlanner...
2026-02-21 00:07:06 - SkillsOrchestrator - WARNING - [WARN] ReasoningPlanner completed with no output
2026-02-21 00:07:06 - SkillsOrchestrator - INFO - 
>>>>>>>>>>>>>>>>>>>>>>>>>>>>>>>>>>>>>>>>
2026-02-21 00:07:06 - SkillsOrchestrator - INFO - SKILL 2: EmailSender
2026-02-21 00:07:06 - SkillsOrchestrator - INFO - Purpose: Generates emails from plan files
2026-02-21 00:07:06 - SkillsOrchestrator - INFO - >>>>>>>>>>>>>>>>>>>>>>>>>>>>>>>>>>>>>>>>
2026-02-21 00:07:06 - SkillsOrchestrator - INFO - Starting EmailSender...
2026-02-21 00:07:07 - SkillsOrchestrator - INFO - [OK] EmailSender completed in 0.16s
2026-02-21 00:07:07 - SkillsOrchestrator - INFO -    Output: E:\GH-Q4\Hackathon0-FTE\AI_Employee\vault\email_send_log_20260221_000706.json
2026-02-21 00:07:07 - SkillsOrchestrator - INFO - 
>>>>>>>>>>>>>>>>>>>>>>>>>>>>>>>>>>>>>>>>
2026-02-21 00:07:07 - SkillsOrchestrator - INFO - SKILL 3: ApprovalChecker
2026-02-21 00:07:07 - SkillsOrchestrator - INFO - Purpose: Creates approval workflow for sensitive actions
2026-02-21 00:07:07 - SkillsOrchestrator - INFO - >>>>>>>>>>>>>>>>>>>>>>>>>>>>>>>>>>>>>>>>
2026-02-21 00:07:07 - SkillsOrchestrator - INFO - Starting ApprovalChecker...
2026-02-21 00:07:07 - SkillsOrchestrator - INFO - [OK] ApprovalChecker completed in 0.07s
2026-02-21 00:07:07 - SkillsOrchestrator - INFO -    Pending Approval: 60
2026-02-21 00:07:07 - SkillsOrchestrator - INFO -    Approved: 3
2026-02-21 00:07:07 - SkillsOrchestrator - INFO -    Rejected: 0
2026-02-21 00:07:07 - SkillsOrchestrator - INFO -    Completed: 0
2026-02-21 00:07:07 - SkillsOrchestrator - INFO - 
================================================================================
2026-02-21 00:07:07 - SkillsOrchestrator - INFO - RUN #3 COMPLETE - Duration: 0.24s
2026-02-21 00:07:07 - SkillsOrchestrator - INFO - ================================================================================

2026-02-21 00:07:07 - SkillsOrchestrator - DEBUG - Results saved to E:\GH-Q4\Hackathon0-FTE\AI_Employee\vault\orchestrator_logs\run_0003_20260221_000707.json
2026-02-21 00:22:07 - SkillsOrchestrator - INFO - ================================================================================
2026-02-21 00:22:07 - SkillsOrchestrator - INFO - ORCHESTRATOR RUN #4 - 2026-02-21 00:22:07
2026-02-21 00:22:07 - SkillsOrchestrator - INFO - ================================================================================
2026-02-21 00:22:07 - SkillsOrchestrator - INFO - 
>>>>>>>>>>>>>>>>>>>>>>>>>>>>>>>>>>>>>>>>
2026-02-21 00:22:07 - SkillsOrchestrator - INFO - SKILL 1: ReasoningPlanner
2026-02-21 00:22:07 - SkillsOrchestrator - INFO - Purpose: Generates reasoning plans from task files
2026-02-21 00:22:07 - SkillsOrchestrator - INFO - >>>>>>>>>>>>>>>>>>>>>>>>>>>>>>>>>>>>>>>>
2026-02-21 00:22:07 - SkillsOrchestrator - INFO - Starting ReasoningPlanner...
2026-02-21 00:22:07 - SkillsOrchestrator - INFO - [OK] ReasoningPlanner completed in 0.00s
2026-02-21 00:22:07 - SkillsOrchestrator - INFO -    Output: E:\GH-Q4\Hackathon0-FTE\AI_Employee\vault\Plans
2026-02-21 00:22:07 - SkillsOrchestrator - INFO - 
>>>>>>>>>>>>>>>>>>>>>>>>>>>>>>>>>>>>>>>>
2026-02-21 00:22:07 - SkillsOrchestrator - INFO - SKILL 2: EmailSender
2026-02-21 00:22:07 - SkillsOrchestrator - INFO - Purpose: Generates emails from plan files
2026-02-21 00:22:07 - SkillsOrchestrator - INFO - >>>>>>>>>>>>>>>>>>>>>>>>>>>>>>>>>>>>>>>>
2026-02-21 00:22:07 - SkillsOrchestrator - INFO - Starting EmailSender...
2026-02-21 00:22:07 - SkillsOrchestrator - INFO - [OK] EmailSender completed in 0.19s
2026-02-21 00:22:07 - SkillsOrchestrator - INFO -    Output: E:\GH-Q4\Hackathon0-FTE\AI_Employee\vault\email_send_log_20260221_002207.json
2026-02-21 00:22:07 - SkillsOrchestrator - INFO - 
>>>>>>>>>>>>>>>>>>>>>>>>>>>>>>>>>>>>>>>>
2026-02-21 00:22:07 - SkillsOrchestrator - INFO - SKILL 3: ApprovalChecker
2026-02-21 00:22:07 - SkillsOrchestrator - INFO - Purpose: Creates approval workflow for sensitive actions
2026-02-21 00:22:07 - SkillsOrchestrator - INFO - >>>>>>>>>>>>>>>>>>>>>>>>>>>>>>>>>>>>>>>>
2026-02-21 00:22:07 - SkillsOrchestrator - INFO - Starting ApprovalChecker...
2026-02-21 00:22:07 - SkillsOrchestrator - INFO - [OK] ApprovalChecker completed in 0.08s
2026-02-21 00:22:07 - SkillsOrchestrator - INFO -    Pending Approval: 66
2026-02-21 00:22:07 - SkillsOrchestrator - INFO -    Approved: 4
2026-02-21 00:22:07 - SkillsOrchestrator - INFO -    Rejected: 0
2026-02-21 00:22:07 - SkillsOrchestrator - INFO -    Completed: 0
2026-02-21 00:22:07 - SkillsOrchestrator - INFO - 
================================================================================
2026-02-21 00:22:07 - SkillsOrchestrator - INFO - RUN #4 COMPLETE - Duration: 0.28s
2026-02-21 00:22:07 - SkillsOrchestrator - INFO - ================================================================================

2026-02-21 00:22:07 - SkillsOrchestrator - DEBUG - Results saved to E:\GH-Q4\Hackathon0-FTE\AI_Employee\vault\orchestrator_logs\run_0004_20260221_002207.json
