2026-02-21 00:19:04 - SkillsOrchestrator - INFO - Orchestrator initialized - Schedule interval: 15 minutes
2026-02-21 00:19:04 - SkillsOrchestrator - INFO - Running all skills once immediately...
2026-02-21 00:19:04 - SkillsOrchestrator - INFO - ================================================================================
2026-02-21 00:19:04 - SkillsOrchestrator - INFO - ORCHESTRATOR RUN #1 - 2026-02-21 00:19:04
2026-02-21 00:19:04 - SkillsOrchestrator - INFO - ================================================================================
2026-02-21 00:19:04 - SkillsOrchestrator - INFO - 
>>>>>>>>>>>>>>>>>>>>>>>>>>>>>>>>>>>>>>>>
2026-02-21 00:19:04 - SkillsOrchestrator - INFO - SKILL 1: ReasoningPlanner
2026-02-21 00:19:04 - SkillsOrchestrator - INFO - Purpose: Generates reasoning plans from task files
2026-02-21 00:19:04 - SkillsOrchestrator - INFO - >>>>>>>>>>>>>>>>>>>>>>>>>>>>>>>>>>>>>>>>
2026-02-21 00:19:04 - SkillsOrchestrator - INFO - Starting ReasoningPlanner...
2026-02-21 00:19:04 - SkillsOrchestrator - INFO - [OK] ReasoningPlanner completed in 0.00s
2026-02-21 00:19:04 - SkillsOrchestrator - INFO -    Output: E:\GH-Q4\Hackathon0-FTE\AI_Employee\vault\Plans
2026-02-21 00:19:04 - SkillsOrchestrator - INFO - 
>>>>>>>>>>>>>>>>>>>>>>>>>>>>>>>>>>>>>>>>
2026-02-21 00:19:04 - SkillsOrchestrator - INFO - SKILL 2: EmailSender
2026-02-21 00:19:04 - SkillsOrchestrator - INFO - Purpose: Generates emails from plan files
2026-02-21 00:19:04 - SkillsOrchestrator - INFO - >>>>>>>>>>>>>>>>>>>>>>>>>>>>>>>>>>>>>>>>
2026-02-21 00:19:04 - SkillsOrchestrator - INFO - Starting EmailSender...
2026-02-21 00:19:04 - SkillsOrchestrator - INFO - [OK] EmailSender completed in 0.20s
2026-02-21 00:19:04 - SkillsOrchestrator - INFO -    Output: E:\GH-Q4\Hackathon0-FTE\AI_Employee\vault\email_send_log_20260221_001904.json
2026-02-21 00:19:04 - SkillsOrchestrator - INFO - 
>>>>>>>>>>>>>>>>>>>>>>>>>>>>>>>>>>>>>>>>
2026-02-21 00:19:04 - SkillsOrchestrator - INFO - SKILL 3: ApprovalChecker
2026-02-21 00:19:04 - SkillsOrchestrator - INFO - Purpose: Creates approval workflow for sensitive actions
2026-02-21 00:19:04 - SkillsOrchestrator - INFO - >>>>>>>>>>>>>>>>>>>>>>>>>>>>>>>>>>>>>>>>
2026-02-21 00:19:04 - SkillsOrchestrator - INFO - Starting ApprovalChecker...
2026-02-21 00:19:04 - SkillsOrchestrator - INFO - [OK] ApprovalChecker completed in 0.07s
2026-02-21 00:19:04 - SkillsOrchestrator - INFO -    Pending Approval: 63
2026-02-21 00:19:04 - SkillsOrchestrator - INFO -    Approved: 3
2026-02-21 00:19:04 - SkillsOrchestrator - INFO -    Rejected: 0
2026-02-21 00:19:04 - SkillsOrchestrator - INFO -    Completed: 0
2026-02-21 00:19:04 - SkillsOrchestrator - INFO - 
================================================================================
2026-02-21 00:19:04 - SkillsOrchestrator - INFO - RUN #1 COMPLETE - Duration: 0.29s
2026-02-21 00:19:04 - SkillsOrchestrator - INFO - ================================================================================

2026-02-21 00:19:04 - SkillsOrchestrator - DEBUG - Results saved to E:\GH-Q4\Hackathon0-FTE\AI_Employee\vault\orchestrator_logs\run_0001_20260221_001904.json
2026-02-21 00:19:04 - SkillsOrchestrator - INFO - 
================================================================================
2026-02-21 00:19:04 - SkillsOrchestrator - INFO - ORCHESTRATOR STATISTICS
2026-02-21 00:19:04 - SkillsOrchestrator - INFO - ================================================================================
2026-02-21 00:19:04 - SkillsOrchestrator - INFO - Runs Completed:        1
2026-02-21 00:19:04 - SkillsOrchestrator - INFO - Total Runtime:         0.29s
2026-02-21 00:19:04 - SkillsOrchestrator - INFO - Average Runtime:       0.29s
2026-02-21 00:19:04 - SkillsOrchestrator - INFO - Schedule Interval:     15 minutes
2026-02-21 00:19:04 - SkillsOrchestrator - INFO - Logs Directory:        E:\GH-Q4\Hackathon0-FTE\AI_Employee\vault\orchestrator_logs
2026-02-21 00:19:04 - SkillsOrchestrator - INFO - ================================================================================

2026-02-21 00:19:04 - SkillsOrchestrator - INFO - Orchestrator initialized - Schedule interval: 15 minutes
2026-02-21 00:19:04 - SkillsOrchestrator - INFO - Running all skills once immediately...
2026-02-21 00:19:04 - SkillsOrchestrator - INFO - ================================================================================
2026-02-21 00:19:04 - SkillsOrchestrator - INFO - ORCHESTRATOR RUN #1 - 2026-02-21 00:19:04
2026-02-21 00:19:04 - SkillsOrchestrator - INFO - ================================================================================
2026-02-21 00:19:04 - SkillsOrchestrator - INFO - 
>>>>>>>>>>>>>>>>>>>>>>>>>>>>>>>>>>>>>>>>
2026-02-21 00:19:04 - SkillsOrchestrator - INFO - SKILL 1: ReasoningPlanner
2026-02-21 00:19:04 - SkillsOrchestrator - INFO - Purpose: Generates reasoning plans from task files
2026-02-21 00:19:04 - SkillsOrchestrator - INFO - >>>>>>>>>>>>>>>>>>>>>>>>>>>>>>>>>>>>>>>>
2026-02-21 00:19:04 - SkillsOrchestrator - INFO - Starting ReasoningPlanner...
2026-02-21 00:19:04 - SkillsOrchestrator - INFO - [OK] ReasoningPlanner completed in 0.00s
2026-02-21 00:19:04 - SkillsOrchestrator - INFO -    Output: E:\GH-Q4\Hackathon0-FTE\AI_Employee\vault\Plans
2026-02-21 00:19:04 - SkillsOrchestrator - INFO - 
>>>>>>>>>>>>>>>>>>>>>>>>>>>>>>>>>>>>>>>>
2026-02-21 00:19:04 - SkillsOrchestrator - INFO - SKILL 2: EmailSender
2026-02-21 00:19:04 - SkillsOrchestrator - INFO - Purpose: Generates emails from plan files
2026-02-21 00:19:04 - SkillsOrchestrator - INFO - >>>>>>>>>>>>>>>>>>>>>>>>>>>>>>>>>>>>>>>>
2026-02-21 00:19:04 - SkillsOrchestrator - INFO - Starting EmailSender...
2026-02-21 00:19:04 - SkillsOrchestrator - INFO - [OK] EmailSender completed in 0.32s
2026-02-21 00:19:04 - SkillsOrchestrator - INFO -    Output: E:\GH-Q4\Hackathon0-FTE\AI_Employee\vault\email_send_log_20260221_001904.json
2026-02-21 00:19:04 - SkillsOrchestrator - INFO - 
>>>>>>>>>>>>>>>>>>>>>>>>>>>>>>>>>>>>>>>>
2026-02-21 00:19:04 - SkillsOrchestrator - INFO - SKILL 3: ApprovalChecker
2026-02-21 00:19:04 - SkillsOrchestrator - INFO - Purpose: Creates approval workflow for sensitive actions
2026-02-21 00:19:04 - SkillsOrchestrator - INFO - >>>>>>>>>>>>>>>>>>>>>>>>>>>>>>>>>>>>>>>>
2026-02-21 00:19:04 - SkillsOrchestrator - INFO - Starting ApprovalChecker...
2026-02-21 00:19:05 - SkillsOrchestrator - INFO - [OK] ApprovalChecker completed in 0.09s
2026-02-21 00:19:05 - SkillsOrchestrator - INFO -    Pending Approval: 63
2026-02-21 00:19:05 - SkillsOrchestrator - INFO -    Approved: 4
2026-02-21 00:19:05 - SkillsOrchestrator - INFO -    Rejected: 0
2026-02-21 00:19:05 - SkillsOrchestrator - INFO -    Completed: 0
2026-02-21 00:19:05 - SkillsOrchestrator - INFO - 
================================================================================
2026-02-21 00:19:05 - SkillsOrchestrator - INFO - RUN #1 COMPLETE - Duration: 0.42s
2026-02-21 00:19:05 - SkillsOrchestrator - INFO - ================================================================================

2026-02-21 00:19:05 - SkillsOrchestrator - DEBUG - Results saved to E:\GH-Q4\Hackathon0-FTE\AI_Employee\vault\orchestrator_logs\run_0001_20260221_001905.json
2026-02-21 00:19:05 - SkillsOrchestrator - INFO - 
================================================================================
2026-02-21 00:19:05 - SkillsOrchestrator - INFO - ORCHESTRATOR STATISTICS
2026-02-21 00:19:05 - SkillsOrchestrator - INFO - ================================================================================
2026-02-21 00:19:05 - SkillsOrchestrator - INFO - Runs Completed:        1
2026-02-21 00:19:05 - SkillsOrchestrator - INFO - Total Runtime:         0.42s
2026-02-21 00:19:05 - SkillsOrchestrator - INFO - Average Runtime:       0.42s
2026-02-21 00:19:05 - SkillsOrchestrator - INFO - Schedule Interval:     15 minutes
2026-02-21 00:19:05 - SkillsOrchestrator - INFO - Logs Directory:        E:\GH-Q4\Hackathon0-FTE\AI_Employee\vault\orchestrator_logs
2026-02-21 00:19:05 - SkillsOrchestrator - INFO - ================================================================================

