2026-02-20 23:29:29 - SkillsOrchestrator - INFO - Orchestrator initialized - Schedule interval: 15 minutes
2026-02-20 23:29:29 - SkillsOrchestrator - INFO - ================================================================================
2026-02-20 23:29:29 - SkillsOrchestrator - INFO - ORCHESTRATOR RUN #1 - 2026-02-20 23:29:29
2026-02-20 23:29:29 - SkillsOrchestrator - INFO - ================================================================================
2026-02-20 23:29:29 - SkillsOrchestrator - INFO - 
>>>>>>>>>>>>>>>>>>>>>>>>>>>>>>>>>>>>>>>>
2026-02-20 23:29:29 - SkillsOrchestrator - INFO - SKILL 1: ReasoningPlanner
2026-02-20 23:29:29 - SkillsOrchestrator - INFO - Purpose: Generates reasoning plans from task files
2026-02-20 23:29:29 - SkillsOrchestrator - INFO - >>>>>>>>>>>>>>>>>>>>>>>>>>>>>>>>>>>>>>>>
2026-02-20 23:29:29 - SkillsOrchestrator - INFO - Starting ReasoningPlanner...
2026-02-20 23:29:29 - SkillsOrchestrator - WARNING - [WARN] ReasoningPlanner completed with no output
2026-02-20 23:29:29 - SkillsOrchestrator - INFO - 
>>>>>>>>>>>>>>>>>>>>>>>>>>>>>>>>>>>>>>>>
2026-02-20 23:29:29 - SkillsOrchestrator - INFO - SKILL 2: EmailSender
2026-02-20 23:29:29 - SkillsOrchestrator - INFO - Purpose: Generates emails from plan files
2026-02-20 23:29:29 - SkillsOrchestrator - INFO - >>>>>>>>>>>>>>>>>>>>>>>>>>>>>>>>>>>>>>>>
2026-02-20 23:29:29 - SkillsOrchestrator - INFO - Starting EmailSender...
2026-02-20 23:29:30 - SkillsOrchestrator - INFO - [OK] EmailSender completed in 0.18s
2026-02-20 23:29:30 - SkillsOrchestrator - INFO -    Output: E:\GH-Q4\Hackathon0-FTE\AI_Employee\vault\email_send_log_20260220_232929.json
2026-02-20 23:29:30 - SkillsOrchestrator - INFO - 
>>>>>>>>>>>>>>>>>>>>>>>>>>>>>>>>>>>>>>>>
2026-02-20 23:29:30 - SkillsOrchestrator - INFO - SKILL 3: ApprovalChecker
2026-02-20 23:29:30 - SkillsOrchestrator - INFO - Purpose: Creates approval workflow for sensitive actions
2026-02-20 23:29:30 - SkillsOrchestrator - INFO - >>>>>>>>>>>>>>>>>>>>>>>>>>>>>>>>>>>>>>>>
2026-02-20 23:29:30 - SkillsOrchestrator - INFO - Starting ApprovalChecker...
2026-02-20 23:29:30 - SkillsOrchestrator - INFO - [OK] ApprovalChecker completed in 0.06s
2026-02-20 23:29:30 - SkillsOrchestrator - INFO -    Pending Approval: 39
2026-02-20 23:29:30 - SkillsOrchestrator - INFO -    Approved: 3
2026-02-20 23:29:30 - SkillsOrchestrator - INFO -    Rejected: 0
2026-02-20 23:29:30 - SkillsOrchestrator - INFO -    Completed: 0
2026-02-20 23:29:30 - SkillsOrchestrator - INFO - 
================================================================================
2026-02-20 23:29:30 - SkillsOrchestrator - INFO - RUN #1 COMPLETE - Duration: 0.26s
2026-02-20 23:29:30 - SkillsOrchestrator - INFO - ================================================================================

2026-02-20 23:29:30 - SkillsOrchestrator - DEBUG - Results saved to E:\GH-Q4\Hackathon0-FTE\AI_Employee\vault\orchestrator_logs\run_0001_20260220_232930.json
2026-02-20 23:29:30 - SkillsOrchestrator - INFO - 
Waiting 120 seconds before next run...
2026-02-20 23:31:30 - SkillsOrchestrator - INFO - ================================================================================
2026-02-20 23:31:30 - SkillsOrchestrator - INFO - ORCHESTRATOR RUN #2 - 2026-02-20 23:31:30
2026-02-20 23:31:30 - SkillsOrchestrator - INFO - ================================================================================
2026-02-20 23:31:30 - SkillsOrchestrator - INFO - 
>>>>>>>>>>>>>>>>>>>>>>>>>>>>>>>>>>>>>>>>
2026-02-20 23:31:30 - SkillsOrchestrator - INFO - SKILL 1: ReasoningPlanner
2026-02-20 23:31:30 - SkillsOrchestrator - INFO - Purpose: Generates reasoning plans from task files
2026-02-20 23:31:30 - SkillsOrchestrator - INFO - >>>>>>>>>>>>>>>>>>>>>>>>>>>>>>>>>>>>>>>>
2026-02-20 23:31:30 - SkillsOrchestrator - INFO - Starting ReasoningPlanner...
2026-02-20 23:31:30 - SkillsOrchestrator - WARNING - [WARN] ReasoningPlanner completed with no output
2026-02-20 23:31:30 - SkillsOrchestrator - INFO - 
>>>>>>>>>>>>>>>>>>>>>>>>>>>>>>>>>>>>>>>>
2026-02-20 23:31:30 - SkillsOrchestrator - INFO - SKILL 2: EmailSender
2026-02-20 23:31:30 - SkillsOrchestrator - INFO - Purpose: Generates emails from plan files
2026-02-20 23:31:30 - SkillsOrchestrator - INFO - >>>>>>>>>>>>>>>>>>>>>>>>>>>>>>>>>>>>>>>>
2026-02-20 23:31:30 - SkillsOrchestrator - INFO - Starting EmailSender...
2026-02-20 23:31:30 - SkillsOrchestrator - INFO - [OK] EmailSender completed in 0.16s
2026-02-20 23:31:30 - SkillsOrchestrator - INFO -    Output: E:\GH-Q4\Hackathon0-FTE\AI_Employee\vault\email_send_log_20260220_233130.json
2026-02-20 23:31:30 - SkillsOrchestrator - INFO - 
>>>>>>>>>>>>>>>>>>>>>>>>>>>>>>>>>>>>>>>>
2026-02-20 23:31:30 - SkillsOrchestrator - INFO - SKILL 3: ApprovalChecker
2026-02-20 23:31:30 - SkillsOrchestrator - INFO - Purpose: Creates approval workflow for sensitive actions
2026-02-20 23:31:30 - SkillsOrchestrator - INFO - >>>>>>>>>>>>>>>>>>>>>>>>>>>>>>>>>>>>>>>>
2026-02-20 23:31:30 - SkillsOrchestrator - INFO - Starting ApprovalChecker...
2026-02-20 23:31:30 - SkillsOrchestrator - INFO - [OK] ApprovalChecker completed in 0.06s
2026-02-20 23:31:30 - SkillsOrchestrator - INFO -    Pending Approval: 42
2026-02-20 23:31:30 - SkillsOrchestrator - INFO -    Approved: 3
2026-02-20 23:31:30 - SkillsOrchestrator - INFO -    Rejected: 0
2026-02-20 23:31:30 - SkillsOrchestrator - INFO -    Completed: 0
2026-02-20 23:31:30 - SkillsOrchestrator - INFO - 
================================================================================
2026-02-20 23:31:30 - SkillsOrchestrator - INFO - RUN #2 COMPLETE - Duration: 0.23s
2026-02-20 23:31:30 - SkillsOrchestrator - INFO - ================================================================================

2026-02-20 23:31:30 - SkillsOrchestrator - DEBUG - Results saved to E:\GH-Q4\Hackathon0-FTE\AI_Employee\vault\orchestrator_logs\run_0002_20260220_233130.json
2026-02-20 23:31:30 - SkillsOrchestrator - INFO - 
Waiting 120 seconds before next run...
2026-02-20 23:33:30 - SkillsOrchestrator - INFO - ================================================================================
2026-02-20 23:33:30 - SkillsOrchestrator - INFO - ORCHESTRATOR RUN #3 - 2026-02-20 23:33:30
2026-02-20 23:33:30 - SkillsOrchestrator - INFO - ================================================================================
2026-02-20 23:33:30 - SkillsOrchestrator - INFO - 
>>>>>>>>>>>>>>>>>>>>>>>>>>>>>>>>>>>>>>>>
2026-02-20 23:33:30 - SkillsOrchestrator - INFO - SKILL 1: ReasoningPlanner
2026-02-20 23:33:30 - SkillsOrchestrator - INFO - Purpose: Generates reasoning plans from task files
2026-02-20 23:33:30 - SkillsOrchestrator - INFO - >>>>>>>>>>>>>>>>>>>>>>>>>>>>>>>>>>>>>>>>
2026-02-20 23:33:30 - SkillsOrchestrator - INFO - Starting ReasoningPlanner...
2026-02-20 23:33:30 - SkillsOrchestrator - WARNING - [WARN] ReasoningPlanner completed with no output
2026-02-20 23:33:30 - SkillsOrchestrator - INFO - 
>>>>>>>>>>>>>>>>>>>>>>>>>>>>>>>>>>>>>>>>
2026-02-20 23:33:30 - SkillsOrchestrator - INFO - SKILL 2: EmailSender
2026-02-20 23:33:30 - SkillsOrchestrator - INFO - Purpose: Generates emails from plan files
2026-02-20 23:33:30 - SkillsOrchestrator - INFO - >>>>>>>>>>>>>>>>>>>>>>>>>>>>>>>>>>>>>>>>
2026-02-20 23:33:30 - SkillsOrchestrator - INFO - Starting EmailSender...
2026-02-20 23:33:30 - SkillsOrchestrator - INFO - [OK] EmailSender completed in 0.16s
2026-02-20 23:33:30 - SkillsOrchestrator - INFO -    Output: E:\GH-Q4\Hackathon0-FTE\AI_Employee\vault\email_send_log_20260220_233330.json
2026-02-20 23:33:30 - SkillsOrchestrator - INFO - 
>>>>>>>>>>>>>>>>>>>>>>>>>>>>>>>>>>>>>>>>
2026-02-20 23:33:30 - SkillsOrchestrator - INFO - SKILL 3: ApprovalChecker
2026-02-20 23:33:30 - SkillsOrchestrator - INFO - Purpose: Creates approval workflow for sensitive actions
2026-02-20 23:33:30 - SkillsOrchestrator - INFO - >>>>>>>>>>>>>>>>>>>>>>>>>>>>>>>>>>>>>>>>
2026-02-20 23:33:30 - SkillsOrchestrator - INFO - Starting ApprovalChecker...
2026-02-20 23:33:30 - SkillsOrchestrator - INFO - [OK] ApprovalChecker completed in 0.07s
2026-02-20 23:33:30 - SkillsOrchestrator - INFO -    Pending Approval: 45
2026-02-20 23:33:30 - SkillsOrchestrator - INFO -    Approved: 3
2026-02-20 23:33:30 - SkillsOrchestrator - INFO -    Rejected: 0
2026-02-20 23:33:30 - SkillsOrchestrator - INFO -    Completed: 0
2026-02-20 23:33:30 - SkillsOrchestrator - INFO - 
================================================================================
2026-02-20 23:33:30 - SkillsOrchestrator - INFO - RUN #3 COMPLETE - Duration: 0.24s
2026-02-20 23:33:30 - SkillsOrchestrator - INFO - ================================================================================

2026-02-20 23:33:30 - SkillsOrchestrator - DEBUG - Results saved to E:\GH-Q4\Hackathon0-FTE\AI_Employee\vault\orchestrator_logs\run_0003_20260220_233330.json
2026-02-20 23:33:30 - SkillsOrchestrator - INFO - 
Waiting 120 seconds before next run...
2026-02-20 23:34:22 - SkillsOrchestrator - INFO - 
================================================================================
2026-02-20 23:34:22 - SkillsOrchestrator - INFO - ORCHESTRATOR STATISTICS
2026-02-20 23:34:22 - SkillsOrchestrator - INFO - ================================================================================
2026-02-20 23:34:22 - SkillsOrchestrator - INFO - Runs Completed:        3
2026-02-20 23:34:22 - SkillsOrchestrator - INFO - Total Runtime:         0.73s
2026-02-20 23:34:22 - SkillsOrchestrator - INFO - Average Runtime:       0.24s
2026-02-20 23:34:22 - SkillsOrchestrator - INFO - Schedule Interval:     15 minutes
2026-02-20 23:34:22 - SkillsOrchestrator - INFO - Logs Directory:        E:\GH-Q4\Hackathon0-FTE\AI_Employee\vault\orchestrator_logs
2026-02-20 23:34:22 - SkillsOrchestrator - INFO - ================================================================================

