2026-02-20 23:23:25 - SkillsOrchestrator - INFO - Orchestrator initialized - Schedule interval: 15 minutes
2026-02-20 23:23:25 - SkillsOrchestrator - INFO - Orchestrator initialized - Schedule interval: 15 minutes
2026-02-20 23:23:25 - SkillsOrchestrator - INFO - Scheduling skill runs every 15 minutes
2026-02-20 23:23:25 - SkillsOrchestrator - INFO - Press Ctrl+C to stop the scheduler

2026-02-20 23:23:25 - SkillsOrchestrator - INFO - ================================================================================
2026-02-20 23:23:25 - SkillsOrchestrator - INFO - ORCHESTRATOR RUN #1 - 2026-02-20 23:23:25
2026-02-20 23:23:25 - SkillsOrchestrator - INFO - ================================================================================
2026-02-20 23:23:25 - SkillsOrchestrator - INFO - 
>>>>>>>>>>>>>>>>>>>>>>>>>>>>>>>>>>>>>>>>
2026-02-20 23:23:25 - SkillsOrchestrator - INFO - SKILL 1: ReasoningPlanner
2026-02-20 23:23:25 - SkillsOrchestrator - INFO - Purpose: Generates reasoning plans from task files
2026-02-20 23:23:25 - SkillsOrchestrator - INFO - >>>>>>>>>>>>>>>>>>>>>>>>>>>>>>>>>>>>>>>>
2026-02-20 23:23:25 - SkillsOrchestrator - INFO - Starting ReasoningPlanner...
2026-02-20 23:23:25 - SkillsOrchestrator - WARNING - [WARN] ReasoningPlanner completed with no output
2026-02-20 23:23:25 - SkillsOrchestrator - INFO - 
>>>>>>>>>>>>>>>>>>>>>>>>>>>>>>>>>>>>>>>>
2026-02-20 23:23:25 - SkillsOrchestrator - INFO - SKILL 2: EmailSender
2026-02-20 23:23:25 - SkillsOrchestrator - INFO - Purpose: Generates emails from plan files
2026-02-20 23:23:25 - SkillsOrchestrator - INFO - >>>>>>>>>>>>>>>>>>>>>>>>>>>>>>>>>>>>>>>>
2026-02-20 23:23:25 - SkillsOrchestrator - INFO - Starting EmailSender...
2026-02-20 23:23:26 - SkillsOrchestrator - INFO - [OK] EmailSender completed in 0.18s
2026-02-20 23:23:26 - SkillsOrchestrator - INFO -    Output: E:\GH-Q4\Hackathon0-FTE\AI_Employee\vault\email_send_log_20260220_232325.json
2026-02-20 23:23:26 - SkillsOrchestrator - INFO - 
>>>>>>>>>>>>>>>>>>>>>>>>>>>>>>>>>>>>>>>>
2026-02-20 23:23:26 - SkillsOrchestrator - INFO - SKILL 3: ApprovalChecker
2026-02-20 23:23:26 - SkillsOrchestrator - INFO - Purpose: Creates approval workflow for sensitive actions
2026-02-20 23:23:26 - SkillsOrchestrator - INFO - >>>>>>>>>>>>>>>>>>>>>>>>>>>>>>>>>>>>>>>>
2026-02-20 23:23:26 - SkillsOrchestrator - INFO - Starting ApprovalChecker...
2026-02-20 23:23:26 - SkillsOrchestrator - INFO - [OK] ApprovalChecker completed in 0.06s
2026-02-20 23:23:26 - SkillsOrchestrator - INFO -    Pending Approval: 36
2026-02-20 23:23:26 - SkillsOrchestrator - INFO -    Approved: 3
2026-02-20 23:23:26 - SkillsOrchestrator - INFO -    Rejected: 0
2026-02-20 23:23:26 - SkillsOrchestrator - INFO -    Completed: 0
2026-02-20 23:23:26 - SkillsOrchestrator - INFO - 
================================================================================
2026-02-20 23:23:26 - SkillsOrchestrator - INFO - RUN #1 COMPLETE - Duration: 0.25s
2026-02-20 23:23:26 - SkillsOrchestrator - INFO - ================================================================================

2026-02-20 23:23:26 - SkillsOrchestrator - DEBUG - Results saved to E:\GH-Q4\Hackathon0-FTE\AI_Employee\vault\orchestrator_logs\run_0001_20260220_232326.json
2026-02-20 23:29:27 - SkillsOrchestrator - INFO - 

Orchestrator stopped by user
2026-02-20 23:29:27 - SkillsOrchestrator - INFO - 
================================================================================
2026-02-20 23:29:27 - SkillsOrchestrator - INFO - ORCHESTRATOR STATISTICS
2026-02-20 23:29:27 - SkillsOrchestrator - INFO - ================================================================================
2026-02-20 23:29:27 - SkillsOrchestrator - INFO - Runs Completed:        1
2026-02-20 23:29:27 - SkillsOrchestrator - INFO - Total Runtime:         0.25s
2026-02-20 23:29:27 - SkillsOrchestrator - INFO - Average Runtime:       0.25s
2026-02-20 23:29:27 - SkillsOrchestrator - INFO - Schedule Interval:     15 minutes
2026-02-20 23:29:27 - SkillsOrchestrator - INFO - Logs Directory:        E:\GH-Q4\Hackathon0-FTE\AI_Employee\vault\orchestrator_logs
2026-02-20 23:29:27 - SkillsOrchestrator - INFO - ================================================================================

