2026-02-20 21:44:58 - SkillsOrchestrator - INFO - Orchestrator initialized - Schedule interval: 15 minutes
2026-02-20 21:44:58 - SkillsOrchestrator - INFO - Running all skills once immediately...
2026-02-20 21:44:58 - SkillsOrchestrator - INFO - ================================================================================
2026-02-20 21:44:58 - SkillsOrchestrator - INFO - ORCHESTRATOR RUN #1 - 2026-02-20 21:44:58
2026-02-20 21:44:58 - SkillsOrchestrator - INFO - ================================================================================
2026-02-20 21:44:58 - SkillsOrchestrator - INFO - 
>>>>>>>>>>>>>>>>>>>>>>>>>>>>>>>>>>>>>>>>
2026-02-20 21:44:58 - SkillsOrchestrator - INFO - SKILL 1: ReasoningPlanner
2026-02-20 21:44:58 - SkillsOrchestrator - INFO - Purpose: Generates reasoning plans from task files
2026-02-20 21:44:58 - SkillsOrchestrator - INFO - >>>>>>>>>>>>>>>>>>>>>>>>>>>>>>>>>>>>>>>>
2026-02-20 21:44:58 - SkillsOrchestrator - INFO - Starting ReasoningPlanner...
2026-02-20 21:44:58 - SkillsOrchestrator - INFO - [OK] ReasoningPlanner completed in 0.04s
2026-02-20 21:44:58 - SkillsOrchestrator - INFO -    Output: E:\GH-Q4\Hackathon0-FTE\AI_Employee\vault\Plans
2026-02-20 21:44:58 - SkillsOrchestrator - INFO - 
>>>>>>>>>>>>>>>>>>>>>>>>>>>>>>>>>>>>>>>>
2026-02-20 21:44:58 - SkillsOrchestrator - INFO - SKILL 2: EmailSender
2026-02-20 21:44:58 - SkillsOrchestrator - INFO - Purpose: Generates emails from plan files
2026-02-20 21:44:58 - SkillsOrchestrator - INFO - >>>>>>>>>>>>>>>>>>>>>>>>>>>>>>>>>>>>>>>>
2026-02-20 21:44:58 - SkillsOrchestrator - INFO - Starting EmailSender...
2026-02-20 21:44:59 - SkillsOrchestrator - INFO - [OK] EmailSender completed in 0.70s
2026-02-20 21:44:59 - SkillsOrchestrator - INFO -    Output: E:\GH-Q4\Hackathon0-FTE\AI_Employee\vault\email_send_log_20260220_214458.json
2026-02-20 21:44:59 - SkillsOrchestrator - INFO - 
>>>>>>>>>>>>>>>>>>>>>>>>>>>>>>>>>>>>>>>>
2026-02-20 21:44:59 - SkillsOrchestrator - INFO - SKILL 3: ApprovalChecker
2026-02-20 21:44:59 - SkillsOrchestrator - INFO - Purpose: Creates approval workflow for sensitive actions
2026-02-20 21:44:59 - SkillsOrchestrator - INFO - >>>>>>>>>>>>>>>>>>>>>>>>>>>>>>>>>>>>>>>>
2026-02-20 21:44:59 - SkillsOrchestrator - INFO - Starting ApprovalChecker...
2026-02-20 21:44:59 - SkillsOrchestrator - INFO - [OK] ApprovalChecker completed in 0.08s
2026-02-20 21:44:59 - SkillsOrchestrator - INFO -    Pending Approval: 27
2026-02-20 21:44:59 - SkillsOrchestrator - INFO -    Approved: 3
2026-02-20 21:44:59 - SkillsOrchestrator - INFO -    Rejected: 0
2026-02-20 21:44:59 - SkillsOrchestrator - INFO -    Completed: 0
2026-02-20 21:44:59 - SkillsOrchestrator - INFO - 
================================================================================
2026-02-20 21:44:59 - SkillsOrchestrator - INFO - RUN #1 COMPLETE - Duration: 0.84s
2026-02-20 21:44:59 - SkillsOrchestrator - INFO - ================================================================================

2026-02-20 21:44:59 - SkillsOrchestrator - DEBUG - Results saved to E:\GH-Q4\Hackathon0-FTE\AI_Employee\vault\orchestrator_logs\run_0001_20260220_214459.json
2026-02-20 21:44:59 - SkillsOrchestrator - INFO - 
================================================================================
2026-02-20 21:44:59 - SkillsOrchestrator - INFO - ORCHESTRATOR STATISTICS
2026-02-20 21:44:59 - SkillsOrchestrator - INFO - ================================================================================
2026-02-20 21:44:59 - SkillsOrchestrator - INFO - Runs Completed:        1
2026-02-20 21:44:59 - SkillsOrchestrator - INFO - Total Runtime:         0.84s
2026-02-20 21:44:59 - SkillsOrchestrator - INFO - Average Runtime:       0.84s
2026-02-20 21:44:59 - SkillsOrchestrator - INFO - Schedule Interval:     15 minutes
2026-02-20 21:44:59 - SkillsOrchestrator - INFO - Logs Directory:        E:\GH-Q4\Hackathon0-FTE\AI_Employee\vault\orchestrator_logs
2026-02-20 21:44:59 - SkillsOrchestrator - INFO - ================================================================================

