2026-02-22 12:09:44 - SkillsOrchestrator - INFO - Orchestrator initialized - Schedule interval: 15 minutes
2026-02-22 12:09:44 - SkillsOrchestrator - INFO - Running all skills once immediately...
2026-02-22 12:09:44 - SkillsOrchestrator - INFO - ================================================================================
2026-02-22 12:09:44 - SkillsOrchestrator - INFO - ORCHESTRATOR RUN #1 - 2026-02-22 12:09:44
2026-02-22 12:09:44 - SkillsOrchestrator - INFO - ================================================================================
2026-02-22 12:09:44 - SkillsOrchestrator - INFO - 
>>>>>>>>>>>>>>>>>>>>>>>>>>>>>>>>>>>>>>>>
2026-02-22 12:09:44 - SkillsOrchestrator - INFO - SKILL 1: ReasoningPlanner
2026-02-22 12:09:44 - SkillsOrchestrator - INFO - Purpose: Generates reasoning plans from task files
2026-02-22 12:09:44 - SkillsOrchestrator - INFO - >>>>>>>>>>>>>>>>>>>>>>>>>>>>>>>>>>>>>>>>
2026-02-22 12:09:44 - SkillsOrchestrator - INFO - Starting ReasoningPlanner...
2026-02-22 12:09:44 - SkillsOrchestrator - INFO - [OK] ReasoningPlanner completed in 0.00s
2026-02-22 12:09:44 - SkillsOrchestrator - INFO -    Output: E:\GH-Q4\Hackathon0-FTE\AI_Employee\vault\Plans
2026-02-22 12:09:44 - SkillsOrchestrator - INFO - 
>>>>>>>>>>>>>>>>>>>>>>>>>>>>>>>>>>>>>>>>
2026-02-22 12:09:44 - SkillsOrchestrator - INFO - SKILL 2: EmailSender
2026-02-22 12:09:44 - SkillsOrchestrator - INFO - Purpose: Generates emails from plan files
2026-02-22 12:09:44 - SkillsOrchestrator - INFO - >>>>>>>>>>>>>>>>>>>>>>>>>>>>>>>>>>>>>>>>
2026-02-22 12:09:44 - SkillsOrchestrator - INFO - Starting EmailSender...
2026-02-22 12:09:46 - SkillsOrchestrator - INFO - [OK] EmailSender completed in 2.19s
2026-02-22 12:09:46 - SkillsOrchestrator - INFO -    Output: E:\GH-Q4\Hackathon0-FTE\AI_Employee\vault\email_send_log_20260222_120944.json
2026-02-22 12:09:46 - SkillsOrchestrator - INFO - 
>>>>>>>>>>>>>>>>>>>>>>>>>>>>>>>>>>>>>>>>
2026-02-22 12:09:46 - SkillsOrchestrator - INFO - SKILL 3: ApprovalChecker
2026-02-22 12:09:46 - SkillsOrchestrator - INFO - Purpose: Creates approval workflow for sensitive actions
2026-02-22 12:09:46 - SkillsOrchestrator - INFO - >>>>>>>>>>>>>>>>>>>>>>>>>>>>>>>>>>>>>>>>
2026-02-22 12:09:46 - SkillsOrchestrator - INFO - Starting ApprovalChecker...
2026-02-22 12:09:47 - SkillsOrchestrator - INFO - [OK] ApprovalChecker completed in 0.37s
2026-02-22 12:09:47 - SkillsOrchestrator - INFO -    Pending Approval: 69
2026-02-22 12:09:47 - SkillsOrchestrator - INFO -    Approved: 4
2026-02-22 12:09:47 - SkillsOrchestrator - INFO -    Rejected: 0
2026-02-22 12:09:47 - SkillsOrchestrator - INFO -    Completed: 0
2026-02-22 12:09:47 - SkillsOrchestrator - INFO - 
================================================================================
2026-02-22 12:09:47 - SkillsOrchestrator - INFO - RUN #1 COMPLETE - Duration: 2.57s
2026-02-22 12:09:47 - SkillsOrchestrator - INFO - ================================================================================

2026-02-22 12:09:47 - SkillsOrchestrator - DEBUG - Results saved to E:\GH-Q4\Hackathon0-FTE\AI_Employee\vault\orchestrator_logs\run_0001_20260222_120947.json
2026-02-22 12:09:47 - SkillsOrchestrator - INFO - 
================================================================================
2026-02-22 12:09:47 - SkillsOrchestrator - INFO - ORCHESTRATOR STATISTICS
2026-02-22 12:09:47 - SkillsOrchestrator - INFO - ================================================================================
2026-02-22 12:09:47 - SkillsOrchestrator - INFO - Runs Completed:        1
2026-02-22 12:09:47 - SkillsOrchestrator - INFO - Total Runtime:         2.57s
2026-02-22 12:09:47 - SkillsOrchestrator - INFO - Average Runtime:       2.57s
2026-02-22 12:09:47 - SkillsOrchestrator - INFO - Schedule Interval:     15 minutes
2026-02-22 12:09:47 - SkillsOrchestrator - INFO - Logs Directory:        E:\GH-Q4\Hackathon0-FTE\AI_Employee\vault\orchestrator_logs
2026-02-22 12:09:47 - SkillsOrchestrator - INFO - ================================================================================

